#-----------------------------------------------------------
# Vivado v2018.2 (64-bit)
# SW Build 2258646 on Thu Jun 14 20:03:12 MDT 2018
# IP Build 2256618 on Thu Jun 14 22:10:49 MDT 2018
# Start of session at: Thu Oct 10 16:04:56 2024
# Process ID: 28548
# Current directory: C:/Users/bucks/Downloads/Telegram Desktop/S3_01_LIM_YU_MARCUS_WONG_NG_CHEE_ZACKERMAX_SEE_Improvements_Archive/thursday_FIVEpm
# Command line: vivado.exe -gui_launcher_event rodinguilauncherevent56732 C:\Users\bucks\Downloads\Telegram Desktop\S3_01_LIM_YU_MARCUS_WONG_NG_CHEE_ZACKERMAX_SEE_Improvements_Archive\thursday_FIVEpm\thursday_FIVEpm.xpr
# Log file: C:/Users/bucks/Downloads/Telegram Desktop/S3_01_LIM_YU_MARCUS_WONG_NG_CHEE_ZACKERMAX_SEE_Improvements_Archive/thursday_FIVEpm/vivado.log
# Journal file: C:/Users/bucks/Downloads/Telegram Desktop/S3_01_LIM_YU_MARCUS_WONG_NG_CHEE_ZACKERMAX_SEE_Improvements_Archive/thursday_FIVEpm\vivado.jou
#-----------------------------------------------------------
start_gui
open_project {C:/Users/bucks/Downloads/Telegram Desktop/S3_01_LIM_YU_MARCUS_WONG_NG_CHEE_ZACKERMAX_SEE_Improvements_Archive/thursday_FIVEpm/thursday_FIVEpm.xpr}
INFO: [ProjectBase 1-489] The host OS only allows 260 characters in a normal path. The project is stored in a path with more than 80 characters. If you experience issues with IP, Block Designs, or files not being found, please consider moving the project to a location with a shorter path. Alternately consider using the OS subst command to map part of the path to a drive letter.
Current project path is 'C:/Users/bucks/Downloads/Telegram Desktop/S3_01_LIM_YU_MARCUS_WONG_NG_CHEE_ZACKERMAX_SEE_Improvements_Archive/thursday_FIVEpm'
Scanning sources...
Finished scanning sources
INFO: [IP_Flow 19-234] Refreshing IP repositories
INFO: [IP_Flow 19-1704] No user IP repositories specified
INFO: [IP_Flow 19-2313] Loaded Vivado IP repository 'C:/Xilinx/Vivado/2018.2/data/ip'.
open_project: Time (s): cpu = 00:00:06 ; elapsed = 00:00:14 . Memory (MB): peak = 787.117 ; gain = 88.496
update_compile_order -fileset sources_1
synth_design -rtl -name rtl_1
Command: synth_design -rtl -name rtl_1
Starting synth_design
Using part: xc7a35tcpg236-1
Top: Top_Student
---------------------------------------------------------------------------------
Starting RTL Elaboration : Time (s): cpu = 00:00:02 ; elapsed = 00:00:04 . Memory (MB): peak = 897.609 ; gain = 66.859
---------------------------------------------------------------------------------
INFO: [Synth 8-6157] synthesizing module 'Top_Student' [C:/Users/bucks/Downloads/Telegram Desktop/S3_01_LIM_YU_MARCUS_WONG_NG_CHEE_ZACKERMAX_SEE_Improvements_Archive/thursday_FIVEpm/thursday_FIVEpm.srcs/sources_1/new/Top_Student.v:14]
	Parameter kick_waitingClockCycles bound to: 3000 - type: integer 
	Parameter kickGraphics_activeClockCycles bound to: 800 - type: integer 
	Parameter kickPhysics_activeClockCycles bound to: 1200 - type: integer 
	Parameter jump_waitingClockCycles bound to: 1500 - type: integer 
	Parameter screenY bound to: 63 - type: integer 
INFO: [Synth 8-6157] synthesizing module 'flexible_clock' [C:/Users/bucks/Downloads/Telegram Desktop/S3_01_LIM_YU_MARCUS_WONG_NG_CHEE_ZACKERMAX_SEE_Improvements_Archive/thursday_FIVEpm/thursday_FIVEpm.srcs/sources_1/new/flexible_clock.v:23]
INFO: [Synth 8-6155] done synthesizing module 'flexible_clock' (1#1) [C:/Users/bucks/Downloads/Telegram Desktop/S3_01_LIM_YU_MARCUS_WONG_NG_CHEE_ZACKERMAX_SEE_Improvements_Archive/thursday_FIVEpm/thursday_FIVEpm.srcs/sources_1/new/flexible_clock.v:23]
INFO: [Synth 8-6157] synthesizing module 'game_state' [C:/Users/bucks/Downloads/Telegram Desktop/S3_01_LIM_YU_MARCUS_WONG_NG_CHEE_ZACKERMAX_SEE_Improvements_Archive/thursday_FIVEpm/thursday_FIVEpm.srcs/sources_1/new/game_state.v:23]
	Parameter win_score bound to: 9 - type: integer 
INFO: [Synth 8-6157] synthesizing module 'timer' [C:/Users/bucks/Downloads/Telegram Desktop/S3_01_LIM_YU_MARCUS_WONG_NG_CHEE_ZACKERMAX_SEE_Improvements_Archive/thursday_FIVEpm/thursday_FIVEpm.srcs/sources_1/new/timer_3s.v:23]
INFO: [Synth 8-6155] done synthesizing module 'timer' (2#1) [C:/Users/bucks/Downloads/Telegram Desktop/S3_01_LIM_YU_MARCUS_WONG_NG_CHEE_ZACKERMAX_SEE_Improvements_Archive/thursday_FIVEpm/thursday_FIVEpm.srcs/sources_1/new/timer_3s.v:23]
INFO: [Synth 8-6157] synthesizing module 'Debouncer' [C:/Users/bucks/Downloads/Telegram Desktop/S3_01_LIM_YU_MARCUS_WONG_NG_CHEE_ZACKERMAX_SEE_Improvements_Archive/thursday_FIVEpm/thursday_FIVEpm.srcs/sources_1/new/Debouncer.v:23]
INFO: [Synth 8-6155] done synthesizing module 'Debouncer' (3#1) [C:/Users/bucks/Downloads/Telegram Desktop/S3_01_LIM_YU_MARCUS_WONG_NG_CHEE_ZACKERMAX_SEE_Improvements_Archive/thursday_FIVEpm/thursday_FIVEpm.srcs/sources_1/new/Debouncer.v:23]
WARNING: [Synth 8-689] width (1) of port connection 'in' does not match port width (32) of module 'Debouncer' [C:/Users/bucks/Downloads/Telegram Desktop/S3_01_LIM_YU_MARCUS_WONG_NG_CHEE_ZACKERMAX_SEE_Improvements_Archive/thursday_FIVEpm/thursday_FIVEpm.srcs/sources_1/new/game_state.v:51]
WARNING: [Synth 8-689] width (1) of port connection 'out' does not match port width (32) of module 'Debouncer' [C:/Users/bucks/Downloads/Telegram Desktop/S3_01_LIM_YU_MARCUS_WONG_NG_CHEE_ZACKERMAX_SEE_Improvements_Archive/thursday_FIVEpm/thursday_FIVEpm.srcs/sources_1/new/game_state.v:51]
WARNING: [Synth 8-689] width (1) of port connection 'in' does not match port width (32) of module 'Debouncer' [C:/Users/bucks/Downloads/Telegram Desktop/S3_01_LIM_YU_MARCUS_WONG_NG_CHEE_ZACKERMAX_SEE_Improvements_Archive/thursday_FIVEpm/thursday_FIVEpm.srcs/sources_1/new/game_state.v:52]
WARNING: [Synth 8-689] width (1) of port connection 'out' does not match port width (32) of module 'Debouncer' [C:/Users/bucks/Downloads/Telegram Desktop/S3_01_LIM_YU_MARCUS_WONG_NG_CHEE_ZACKERMAX_SEE_Improvements_Archive/thursday_FIVEpm/thursday_FIVEpm.srcs/sources_1/new/game_state.v:52]
WARNING: [Synth 8-689] width (1) of port connection 'in' does not match port width (32) of module 'Debouncer' [C:/Users/bucks/Downloads/Telegram Desktop/S3_01_LIM_YU_MARCUS_WONG_NG_CHEE_ZACKERMAX_SEE_Improvements_Archive/thursday_FIVEpm/thursday_FIVEpm.srcs/sources_1/new/game_state.v:53]
WARNING: [Synth 8-689] width (1) of port connection 'out' does not match port width (32) of module 'Debouncer' [C:/Users/bucks/Downloads/Telegram Desktop/S3_01_LIM_YU_MARCUS_WONG_NG_CHEE_ZACKERMAX_SEE_Improvements_Archive/thursday_FIVEpm/thursday_FIVEpm.srcs/sources_1/new/game_state.v:53]
WARNING: [Synth 8-689] width (1) of port connection 'in' does not match port width (32) of module 'Debouncer' [C:/Users/bucks/Downloads/Telegram Desktop/S3_01_LIM_YU_MARCUS_WONG_NG_CHEE_ZACKERMAX_SEE_Improvements_Archive/thursday_FIVEpm/thursday_FIVEpm.srcs/sources_1/new/game_state.v:54]
WARNING: [Synth 8-689] width (1) of port connection 'out' does not match port width (32) of module 'Debouncer' [C:/Users/bucks/Downloads/Telegram Desktop/S3_01_LIM_YU_MARCUS_WONG_NG_CHEE_ZACKERMAX_SEE_Improvements_Archive/thursday_FIVEpm/thursday_FIVEpm.srcs/sources_1/new/game_state.v:54]
WARNING: [Synth 8-689] width (1) of port connection 'in' does not match port width (32) of module 'Debouncer' [C:/Users/bucks/Downloads/Telegram Desktop/S3_01_LIM_YU_MARCUS_WONG_NG_CHEE_ZACKERMAX_SEE_Improvements_Archive/thursday_FIVEpm/thursday_FIVEpm.srcs/sources_1/new/game_state.v:55]
WARNING: [Synth 8-689] width (1) of port connection 'out' does not match port width (32) of module 'Debouncer' [C:/Users/bucks/Downloads/Telegram Desktop/S3_01_LIM_YU_MARCUS_WONG_NG_CHEE_ZACKERMAX_SEE_Improvements_Archive/thursday_FIVEpm/thursday_FIVEpm.srcs/sources_1/new/game_state.v:55]
INFO: [Synth 8-6155] done synthesizing module 'game_state' (4#1) [C:/Users/bucks/Downloads/Telegram Desktop/S3_01_LIM_YU_MARCUS_WONG_NG_CHEE_ZACKERMAX_SEE_Improvements_Archive/thursday_FIVEpm/thursday_FIVEpm.srcs/sources_1/new/game_state.v:23]
INFO: [Synth 8-6157] synthesizing module 'segment_display' [C:/Users/bucks/Downloads/Telegram Desktop/S3_01_LIM_YU_MARCUS_WONG_NG_CHEE_ZACKERMAX_SEE_Improvements_Archive/thursday_FIVEpm/thursday_FIVEpm.srcs/sources_1/new/segment_display.v:23]
INFO: [Synth 8-155] case statement is not full and has no default [C:/Users/bucks/Downloads/Telegram Desktop/S3_01_LIM_YU_MARCUS_WONG_NG_CHEE_ZACKERMAX_SEE_Improvements_Archive/thursday_FIVEpm/thursday_FIVEpm.srcs/sources_1/new/segment_display.v:38]
INFO: [Synth 8-155] case statement is not full and has no default [C:/Users/bucks/Downloads/Telegram Desktop/S3_01_LIM_YU_MARCUS_WONG_NG_CHEE_ZACKERMAX_SEE_Improvements_Archive/thursday_FIVEpm/thursday_FIVEpm.srcs/sources_1/new/segment_display.v:51]
INFO: [Synth 8-6155] done synthesizing module 'segment_display' (5#1) [C:/Users/bucks/Downloads/Telegram Desktop/S3_01_LIM_YU_MARCUS_WONG_NG_CHEE_ZACKERMAX_SEE_Improvements_Archive/thursday_FIVEpm/thursday_FIVEpm.srcs/sources_1/new/segment_display.v:23]
INFO: [Synth 8-6157] synthesizing module 'keyBoardTop' [C:/Users/bucks/Downloads/Telegram Desktop/S3_01_LIM_YU_MARCUS_WONG_NG_CHEE_ZACKERMAX_SEE_Improvements_Archive/thursday_FIVEpm/thursday_FIVEpm.srcs/sources_1/new/keyboard/keyboardTop.v:23]
INFO: [Synth 8-6157] synthesizing module 'PS2Receiver' [C:/Users/bucks/Downloads/Telegram Desktop/S3_01_LIM_YU_MARCUS_WONG_NG_CHEE_ZACKERMAX_SEE_Improvements_Archive/thursday_FIVEpm/thursday_FIVEpm.srcs/sources_1/new/keyboard/PS2Receiver.v:23]
INFO: [Synth 8-6157] synthesizing module 'keyboardDebouncer' [C:/Users/bucks/Downloads/Telegram Desktop/S3_01_LIM_YU_MARCUS_WONG_NG_CHEE_ZACKERMAX_SEE_Improvements_Archive/thursday_FIVEpm/thursday_FIVEpm.srcs/sources_1/new/keyboard/keyoardDebouncer.v:23]
	Parameter COUNT_MAX bound to: 19 - type: integer 
	Parameter COUNT_WIDTH bound to: 5 - type: integer 
INFO: [Synth 8-6155] done synthesizing module 'keyboardDebouncer' (6#1) [C:/Users/bucks/Downloads/Telegram Desktop/S3_01_LIM_YU_MARCUS_WONG_NG_CHEE_ZACKERMAX_SEE_Improvements_Archive/thursday_FIVEpm/thursday_FIVEpm.srcs/sources_1/new/keyboard/keyoardDebouncer.v:23]
INFO: [Synth 8-155] case statement is not full and has no default [C:/Users/bucks/Downloads/Telegram Desktop/S3_01_LIM_YU_MARCUS_WONG_NG_CHEE_ZACKERMAX_SEE_Improvements_Archive/thursday_FIVEpm/thursday_FIVEpm.srcs/sources_1/new/keyboard/PS2Receiver.v:55]
INFO: [Synth 8-6155] done synthesizing module 'PS2Receiver' (7#1) [C:/Users/bucks/Downloads/Telegram Desktop/S3_01_LIM_YU_MARCUS_WONG_NG_CHEE_ZACKERMAX_SEE_Improvements_Archive/thursday_FIVEpm/thursday_FIVEpm.srcs/sources_1/new/keyboard/PS2Receiver.v:23]
WARNING: [Synth 8-567] referenced signal 'keycodev' should be on the sensitivity list [C:/Users/bucks/Downloads/Telegram Desktop/S3_01_LIM_YU_MARCUS_WONG_NG_CHEE_ZACKERMAX_SEE_Improvements_Archive/thursday_FIVEpm/thursday_FIVEpm.srcs/sources_1/new/keyboard/keyboardTop.v:55]
INFO: [Synth 8-6157] synthesizing module 'bin2ascii' [C:/Users/bucks/Downloads/Telegram Desktop/S3_01_LIM_YU_MARCUS_WONG_NG_CHEE_ZACKERMAX_SEE_Improvements_Archive/thursday_FIVEpm/thursday_FIVEpm.srcs/sources_1/new/keyboard/bin2ascii.v:23]
	Parameter NBYTES bound to: 2 - type: integer 
INFO: [Synth 8-6155] done synthesizing module 'bin2ascii' (8#1) [C:/Users/bucks/Downloads/Telegram Desktop/S3_01_LIM_YU_MARCUS_WONG_NG_CHEE_ZACKERMAX_SEE_Improvements_Archive/thursday_FIVEpm/thursday_FIVEpm.srcs/sources_1/new/keyboard/bin2ascii.v:23]
INFO: [Synth 8-6157] synthesizing module 'AsciiToKeys' [C:/Users/bucks/Downloads/Telegram Desktop/S3_01_LIM_YU_MARCUS_WONG_NG_CHEE_ZACKERMAX_SEE_Improvements_Archive/thursday_FIVEpm/thursday_FIVEpm.srcs/sources_1/new/keyboard/AsciiToKeys.v:23]
	Parameter keyReleased_value bound to: 16'b0100011000110000 
	Parameter keyW_value bound to: 16'b0011000101000100 
	Parameter keyA_value bound to: 16'b0011000101000011 
	Parameter keyS_value bound to: 16'b0011000101000010 
	Parameter keyD_value bound to: 16'b0011001000110011 
	Parameter keyI_value bound to: 16'b0011010000110011 
	Parameter keyJ_value bound to: 16'b0011001101000010 
	Parameter keyK_value bound to: 16'b0011010000110010 
	Parameter keyL_value bound to: 16'b0011010001000010 
INFO: [Synth 8-6155] done synthesizing module 'AsciiToKeys' (9#1) [C:/Users/bucks/Downloads/Telegram Desktop/S3_01_LIM_YU_MARCUS_WONG_NG_CHEE_ZACKERMAX_SEE_Improvements_Archive/thursday_FIVEpm/thursday_FIVEpm.srcs/sources_1/new/keyboard/AsciiToKeys.v:23]
WARNING: [Synth 8-6014] Unused sequential element start_reg was removed.  [C:/Users/bucks/Downloads/Telegram Desktop/S3_01_LIM_YU_MARCUS_WONG_NG_CHEE_ZACKERMAX_SEE_Improvements_Archive/thursday_FIVEpm/thursday_FIVEpm.srcs/sources_1/new/keyboard/keyboardTop.v:69]
INFO: [Synth 8-6155] done synthesizing module 'keyBoardTop' (10#1) [C:/Users/bucks/Downloads/Telegram Desktop/S3_01_LIM_YU_MARCUS_WONG_NG_CHEE_ZACKERMAX_SEE_Improvements_Archive/thursday_FIVEpm/thursday_FIVEpm.srcs/sources_1/new/keyboard/keyboardTop.v:23]
WARNING: [Synth 8-689] width (1) of port connection 'in' does not match port width (32) of module 'Debouncer' [C:/Users/bucks/Downloads/Telegram Desktop/S3_01_LIM_YU_MARCUS_WONG_NG_CHEE_ZACKERMAX_SEE_Improvements_Archive/thursday_FIVEpm/thursday_FIVEpm.srcs/sources_1/new/Top_Student.v:88]
WARNING: [Synth 8-689] width (1) of port connection 'out' does not match port width (32) of module 'Debouncer' [C:/Users/bucks/Downloads/Telegram Desktop/S3_01_LIM_YU_MARCUS_WONG_NG_CHEE_ZACKERMAX_SEE_Improvements_Archive/thursday_FIVEpm/thursday_FIVEpm.srcs/sources_1/new/Top_Student.v:88]
WARNING: [Synth 8-689] width (1) of port connection 'in' does not match port width (32) of module 'Debouncer' [C:/Users/bucks/Downloads/Telegram Desktop/S3_01_LIM_YU_MARCUS_WONG_NG_CHEE_ZACKERMAX_SEE_Improvements_Archive/thursday_FIVEpm/thursday_FIVEpm.srcs/sources_1/new/Top_Student.v:92]
WARNING: [Synth 8-689] width (1) of port connection 'out' does not match port width (32) of module 'Debouncer' [C:/Users/bucks/Downloads/Telegram Desktop/S3_01_LIM_YU_MARCUS_WONG_NG_CHEE_ZACKERMAX_SEE_Improvements_Archive/thursday_FIVEpm/thursday_FIVEpm.srcs/sources_1/new/Top_Student.v:92]
WARNING: [Synth 8-689] width (1) of port connection 'in' does not match port width (32) of module 'Debouncer' [C:/Users/bucks/Downloads/Telegram Desktop/S3_01_LIM_YU_MARCUS_WONG_NG_CHEE_ZACKERMAX_SEE_Improvements_Archive/thursday_FIVEpm/thursday_FIVEpm.srcs/sources_1/new/Top_Student.v:94]
WARNING: [Synth 8-689] width (1) of port connection 'out' does not match port width (32) of module 'Debouncer' [C:/Users/bucks/Downloads/Telegram Desktop/S3_01_LIM_YU_MARCUS_WONG_NG_CHEE_ZACKERMAX_SEE_Improvements_Archive/thursday_FIVEpm/thursday_FIVEpm.srcs/sources_1/new/Top_Student.v:94]
WARNING: [Synth 8-689] width (1) of port connection 'in' does not match port width (32) of module 'Debouncer' [C:/Users/bucks/Downloads/Telegram Desktop/S3_01_LIM_YU_MARCUS_WONG_NG_CHEE_ZACKERMAX_SEE_Improvements_Archive/thursday_FIVEpm/thursday_FIVEpm.srcs/sources_1/new/Top_Student.v:98]
WARNING: [Synth 8-689] width (1) of port connection 'out' does not match port width (32) of module 'Debouncer' [C:/Users/bucks/Downloads/Telegram Desktop/S3_01_LIM_YU_MARCUS_WONG_NG_CHEE_ZACKERMAX_SEE_Improvements_Archive/thursday_FIVEpm/thursday_FIVEpm.srcs/sources_1/new/Top_Student.v:98]
WARNING: [Synth 8-689] width (1) of port connection 'in' does not match port width (32) of module 'Debouncer' [C:/Users/bucks/Downloads/Telegram Desktop/S3_01_LIM_YU_MARCUS_WONG_NG_CHEE_ZACKERMAX_SEE_Improvements_Archive/thursday_FIVEpm/thursday_FIVEpm.srcs/sources_1/new/Top_Student.v:102]
WARNING: [Synth 8-689] width (1) of port connection 'out' does not match port width (32) of module 'Debouncer' [C:/Users/bucks/Downloads/Telegram Desktop/S3_01_LIM_YU_MARCUS_WONG_NG_CHEE_ZACKERMAX_SEE_Improvements_Archive/thursday_FIVEpm/thursday_FIVEpm.srcs/sources_1/new/Top_Student.v:102]
WARNING: [Synth 8-689] width (1) of port connection 'in' does not match port width (32) of module 'Debouncer' [C:/Users/bucks/Downloads/Telegram Desktop/S3_01_LIM_YU_MARCUS_WONG_NG_CHEE_ZACKERMAX_SEE_Improvements_Archive/thursday_FIVEpm/thursday_FIVEpm.srcs/sources_1/new/Top_Student.v:104]
WARNING: [Synth 8-689] width (1) of port connection 'out' does not match port width (32) of module 'Debouncer' [C:/Users/bucks/Downloads/Telegram Desktop/S3_01_LIM_YU_MARCUS_WONG_NG_CHEE_ZACKERMAX_SEE_Improvements_Archive/thursday_FIVEpm/thursday_FIVEpm.srcs/sources_1/new/Top_Student.v:104]
INFO: [Synth 8-6157] synthesizing module 'SpriteState' [C:/Users/bucks/Downloads/Telegram Desktop/S3_01_LIM_YU_MARCUS_WONG_NG_CHEE_ZACKERMAX_SEE_Improvements_Archive/thursday_FIVEpm/thursday_FIVEpm.srcs/sources_1/new/SpriteState.v:23]
	Parameter P_JUMP bound to: 0 - type: integer 
	Parameter P_IDLE bound to: 1 - type: integer 
	Parameter P_WALK bound to: 2 - type: integer 
	Parameter P_KICK bound to: 3 - type: integer 
	Parameter P_LEFT bound to: 0 - type: integer 
	Parameter P_RIGHT bound to: 1 - type: integer 
	Parameter BALL_IDLE bound to: 0 - type: integer 
	Parameter BALL_LEFT bound to: 1 - type: integer 
	Parameter BALL_RIGHT bound to: 2 - type: integer 
INFO: [Synth 8-6155] done synthesizing module 'SpriteState' (11#1) [C:/Users/bucks/Downloads/Telegram Desktop/S3_01_LIM_YU_MARCUS_WONG_NG_CHEE_ZACKERMAX_SEE_Improvements_Archive/thursday_FIVEpm/thursday_FIVEpm.srcs/sources_1/new/SpriteState.v:23]
INFO: [Synth 8-6157] synthesizing module 'PhysicsEngine_ball' [C:/Users/bucks/Downloads/Telegram Desktop/S3_01_LIM_YU_MARCUS_WONG_NG_CHEE_ZACKERMAX_SEE_Improvements_Archive/thursday_FIVEpm/thursday_FIVEpm.srcs/sources_1/new/physics/PhysicsEngine_ball.v:23]
	Parameter bitShifts bound to: 24 - type: integer 
	Parameter screenX bound to: 95 - type: integer 
	Parameter screenY bound to: 63 - type: integer 
	Parameter maxSx bound to: 1593835520 - type: integer 
	Parameter maxSy bound to: 1056964608 - type: integer 
	Parameter maxV bound to: 2000000 - type: integer 
	Parameter ballDeceleration bound to: 7 - type: integer 
	Parameter goalpost_depth bound to: 218103808 - type: integer 
	Parameter goalpostTop_y bound to: 419430400 - type: integer 
	Parameter ballRadius bound to: 50331648 - type: integer 
INFO: [Synth 8-6155] done synthesizing module 'PhysicsEngine_ball' (12#1) [C:/Users/bucks/Downloads/Telegram Desktop/S3_01_LIM_YU_MARCUS_WONG_NG_CHEE_ZACKERMAX_SEE_Improvements_Archive/thursday_FIVEpm/thursday_FIVEpm.srcs/sources_1/new/physics/PhysicsEngine_ball.v:23]
INFO: [Synth 8-6157] synthesizing module 'PhysicsEngine_player' [C:/Users/bucks/Downloads/Telegram Desktop/S3_01_LIM_YU_MARCUS_WONG_NG_CHEE_ZACKERMAX_SEE_Improvements_Archive/thursday_FIVEpm/thursday_FIVEpm.srcs/sources_1/new/physics/PhysicsEngine_player.v:23]
	Parameter bitShifts bound to: 24 - type: integer 
	Parameter screenX bound to: 95 - type: integer 
	Parameter screenY bound to: 63 - type: integer 
	Parameter maxSx bound to: 1593835520 - type: integer 
	Parameter maxSy bound to: 1056964608 - type: integer 
	Parameter maxV bound to: 5000000 - type: integer 
	Parameter playerXAcceleration bound to: 600 - type: integer 
	Parameter playerXDeceleration bound to: 200 - type: integer 
	Parameter moveSpeed bound to: 400000 - type: integer 
	Parameter jumpVyBoost bound to: 500000 - type: integer 
	Parameter goalpost_depth bound to: 218103808 - type: integer 
	Parameter goalpostTop_y bound to: 419430400 - type: integer 
	Parameter dist_playerCg_playerBottom bound to: 100663296 - type: integer 
	Parameter dist_playerCg_playerTop bound to: 100663296 - type: integer 
	Parameter dist_playerCg_playerSides bound to: 83886080 - type: integer 
INFO: [Synth 8-6155] done synthesizing module 'PhysicsEngine_player' (13#1) [C:/Users/bucks/Downloads/Telegram Desktop/S3_01_LIM_YU_MARCUS_WONG_NG_CHEE_ZACKERMAX_SEE_Improvements_Archive/thursday_FIVEpm/thursday_FIVEpm.srcs/sources_1/new/physics/PhysicsEngine_player.v:23]
INFO: [Synth 8-6157] synthesizing module 'CollisionEngine' [C:/Users/bucks/Downloads/Telegram Desktop/S3_01_LIM_YU_MARCUS_WONG_NG_CHEE_ZACKERMAX_SEE_Improvements_Archive/thursday_FIVEpm/thursday_FIVEpm.srcs/sources_1/new/physics/CollisionEngine.v:23]
	Parameter minClockCyclesBetweenCollisions_playerBall bound to: 400 - type: integer 
	Parameter minClockCyclesBetweenCollisions_playerPlayer bound to: 200 - type: integer 
INFO: [Synth 8-6157] synthesizing module 'CollisionEngine_playerBall' [C:/Users/bucks/Downloads/Telegram Desktop/S3_01_LIM_YU_MARCUS_WONG_NG_CHEE_ZACKERMAX_SEE_Improvements_Archive/thursday_FIVEpm/thursday_FIVEpm.srcs/sources_1/new/physics/CollisionEngine_playerBall.v:23]
	Parameter ballRadius bound to: 3 - type: integer 
	Parameter pCircleRadius bound to: 5 - type: integer 
	Parameter dist_playerCg_circleCenter bound to: 1 - type: integer 
	Parameter minDistBetweenCircleAndBall bound to: 8 - type: integer 
	Parameter ballPlayerMassDiff bound to: 2 - type: integer 
	Parameter kickVxBoost bound to: 200000 - type: integer 
	Parameter kickVyBoost bound to: 600000 - type: integer 
	Parameter totalMass bound to: 4 - type: integer 
	Parameter ballMass bound to: 1 - type: integer 
	Parameter playerMass bound to: 3 - type: integer 
INFO: [Synth 8-6157] synthesizing module 'ResultantCalculator' [C:/Users/bucks/Downloads/Telegram Desktop/S3_01_LIM_YU_MARCUS_WONG_NG_CHEE_ZACKERMAX_SEE_Improvements_Archive/thursday_FIVEpm/thursday_FIVEpm.srcs/sources_1/new/physics/MagnitudeCalculator.v:23]
INFO: [Synth 8-6157] synthesizing module 'SquareRoot' [C:/Users/bucks/Downloads/Telegram Desktop/S3_01_LIM_YU_MARCUS_WONG_NG_CHEE_ZACKERMAX_SEE_Improvements_Archive/thursday_FIVEpm/thursday_FIVEpm.srcs/sources_1/new/physics/square_root.v:23]
WARNING: [Synth 8-6014] Unused sequential element a_reg was removed.  [C:/Users/bucks/Downloads/Telegram Desktop/S3_01_LIM_YU_MARCUS_WONG_NG_CHEE_ZACKERMAX_SEE_Improvements_Archive/thursday_FIVEpm/thursday_FIVEpm.srcs/sources_1/new/physics/square_root.v:32]
WARNING: [Synth 8-6014] Unused sequential element q_reg was removed.  [C:/Users/bucks/Downloads/Telegram Desktop/S3_01_LIM_YU_MARCUS_WONG_NG_CHEE_ZACKERMAX_SEE_Improvements_Archive/thursday_FIVEpm/thursday_FIVEpm.srcs/sources_1/new/physics/square_root.v:33]
WARNING: [Synth 8-6014] Unused sequential element i_reg was removed.  [C:/Users/bucks/Downloads/Telegram Desktop/S3_01_LIM_YU_MARCUS_WONG_NG_CHEE_ZACKERMAX_SEE_Improvements_Archive/thursday_FIVEpm/thursday_FIVEpm.srcs/sources_1/new/physics/square_root.v:34]
WARNING: [Synth 8-6014] Unused sequential element left_reg was removed.  [C:/Users/bucks/Downloads/Telegram Desktop/S3_01_LIM_YU_MARCUS_WONG_NG_CHEE_ZACKERMAX_SEE_Improvements_Archive/thursday_FIVEpm/thursday_FIVEpm.srcs/sources_1/new/physics/square_root.v:35]
WARNING: [Synth 8-6014] Unused sequential element right_reg was removed.  [C:/Users/bucks/Downloads/Telegram Desktop/S3_01_LIM_YU_MARCUS_WONG_NG_CHEE_ZACKERMAX_SEE_Improvements_Archive/thursday_FIVEpm/thursday_FIVEpm.srcs/sources_1/new/physics/square_root.v:36]
WARNING: [Synth 8-6014] Unused sequential element r_reg was removed.  [C:/Users/bucks/Downloads/Telegram Desktop/S3_01_LIM_YU_MARCUS_WONG_NG_CHEE_ZACKERMAX_SEE_Improvements_Archive/thursday_FIVEpm/thursday_FIVEpm.srcs/sources_1/new/physics/square_root.v:37]
INFO: [Synth 8-6155] done synthesizing module 'SquareRoot' (14#1) [C:/Users/bucks/Downloads/Telegram Desktop/S3_01_LIM_YU_MARCUS_WONG_NG_CHEE_ZACKERMAX_SEE_Improvements_Archive/thursday_FIVEpm/thursday_FIVEpm.srcs/sources_1/new/physics/square_root.v:23]
INFO: [Synth 8-6155] done synthesizing module 'ResultantCalculator' (15#1) [C:/Users/bucks/Downloads/Telegram Desktop/S3_01_LIM_YU_MARCUS_WONG_NG_CHEE_ZACKERMAX_SEE_Improvements_Archive/thursday_FIVEpm/thursday_FIVEpm.srcs/sources_1/new/physics/MagnitudeCalculator.v:23]
WARNING: [Synth 8-6014] Unused sequential element pVx_new_reg was removed.  [C:/Users/bucks/Downloads/Telegram Desktop/S3_01_LIM_YU_MARCUS_WONG_NG_CHEE_ZACKERMAX_SEE_Improvements_Archive/thursday_FIVEpm/thursday_FIVEpm.srcs/sources_1/new/physics/CollisionEngine_playerBall.v:67]
WARNING: [Synth 8-6014] Unused sequential element pVy_new_reg was removed.  [C:/Users/bucks/Downloads/Telegram Desktop/S3_01_LIM_YU_MARCUS_WONG_NG_CHEE_ZACKERMAX_SEE_Improvements_Archive/thursday_FIVEpm/thursday_FIVEpm.srcs/sources_1/new/physics/CollisionEngine_playerBall.v:69]
WARNING: [Synth 8-6014] Unused sequential element ballVx_new_reg was removed.  [C:/Users/bucks/Downloads/Telegram Desktop/S3_01_LIM_YU_MARCUS_WONG_NG_CHEE_ZACKERMAX_SEE_Improvements_Archive/thursday_FIVEpm/thursday_FIVEpm.srcs/sources_1/new/physics/CollisionEngine_playerBall.v:72]
WARNING: [Synth 8-6014] Unused sequential element ballVy_new_reg was removed.  [C:/Users/bucks/Downloads/Telegram Desktop/S3_01_LIM_YU_MARCUS_WONG_NG_CHEE_ZACKERMAX_SEE_Improvements_Archive/thursday_FIVEpm/thursday_FIVEpm.srcs/sources_1/new/physics/CollisionEngine_playerBall.v:74]
INFO: [Synth 8-6155] done synthesizing module 'CollisionEngine_playerBall' (16#1) [C:/Users/bucks/Downloads/Telegram Desktop/S3_01_LIM_YU_MARCUS_WONG_NG_CHEE_ZACKERMAX_SEE_Improvements_Archive/thursday_FIVEpm/thursday_FIVEpm.srcs/sources_1/new/physics/CollisionEngine_playerBall.v:23]
INFO: [Synth 8-6157] synthesizing module 'CollisionEngine_playerPlayer' [C:/Users/bucks/Downloads/Telegram Desktop/S3_01_LIM_YU_MARCUS_WONG_NG_CHEE_ZACKERMAX_SEE_Improvements_Archive/thursday_FIVEpm/thursday_FIVEpm.srcs/sources_1/new/physics/CollisionEngine_playerPlayer.v:23]
	Parameter pCircleRadius bound to: 3 - type: integer 
	Parameter dist_playerCg_circleCenter bound to: 1 - type: integer 
	Parameter minDistBetweenCircles bound to: 6 - type: integer 
	Parameter kickVBoost bound to: 600000 - type: integer 
	Parameter repelVBoost bound to: 400000 - type: integer 
INFO: [Synth 8-6155] done synthesizing module 'CollisionEngine_playerPlayer' (17#1) [C:/Users/bucks/Downloads/Telegram Desktop/S3_01_LIM_YU_MARCUS_WONG_NG_CHEE_ZACKERMAX_SEE_Improvements_Archive/thursday_FIVEpm/thursday_FIVEpm.srcs/sources_1/new/physics/CollisionEngine_playerPlayer.v:23]
INFO: [Synth 8-6155] done synthesizing module 'CollisionEngine' (18#1) [C:/Users/bucks/Downloads/Telegram Desktop/S3_01_LIM_YU_MARCUS_WONG_NG_CHEE_ZACKERMAX_SEE_Improvements_Archive/thursday_FIVEpm/thursday_FIVEpm.srcs/sources_1/new/physics/CollisionEngine.v:23]
INFO: [Synth 8-6157] synthesizing module 'cpu_player2' [C:/Users/bucks/Downloads/Telegram Desktop/S3_01_LIM_YU_MARCUS_WONG_NG_CHEE_ZACKERMAX_SEE_Improvements_Archive/thursday_FIVEpm/thursday_FIVEpm.srcs/sources_1/new/cpu_player2.v:23]
INFO: [Synth 8-6157] synthesizing module 'lcg_easyL' [C:/Users/bucks/Downloads/Telegram Desktop/S3_01_LIM_YU_MARCUS_WONG_NG_CHEE_ZACKERMAX_SEE_Improvements_Archive/thursday_FIVEpm/thursday_FIVEpm.srcs/sources_1/new/lcg_easyL.v:23]
INFO: [Synth 8-6155] done synthesizing module 'lcg_easyL' (19#1) [C:/Users/bucks/Downloads/Telegram Desktop/S3_01_LIM_YU_MARCUS_WONG_NG_CHEE_ZACKERMAX_SEE_Improvements_Archive/thursday_FIVEpm/thursday_FIVEpm.srcs/sources_1/new/lcg_easyL.v:23]
INFO: [Synth 8-6157] synthesizing module 'lcg_easyU' [C:/Users/bucks/Downloads/Telegram Desktop/S3_01_LIM_YU_MARCUS_WONG_NG_CHEE_ZACKERMAX_SEE_Improvements_Archive/thursday_FIVEpm/thursday_FIVEpm.srcs/sources_1/new/lcg_easyU.v:23]
INFO: [Synth 8-6155] done synthesizing module 'lcg_easyU' (20#1) [C:/Users/bucks/Downloads/Telegram Desktop/S3_01_LIM_YU_MARCUS_WONG_NG_CHEE_ZACKERMAX_SEE_Improvements_Archive/thursday_FIVEpm/thursday_FIVEpm.srcs/sources_1/new/lcg_easyU.v:23]
INFO: [Synth 8-6157] synthesizing module 'lcg_easyK' [C:/Users/bucks/Downloads/Telegram Desktop/S3_01_LIM_YU_MARCUS_WONG_NG_CHEE_ZACKERMAX_SEE_Improvements_Archive/thursday_FIVEpm/thursday_FIVEpm.srcs/sources_1/new/lcg_easyK.v:23]
INFO: [Synth 8-6155] done synthesizing module 'lcg_easyK' (21#1) [C:/Users/bucks/Downloads/Telegram Desktop/S3_01_LIM_YU_MARCUS_WONG_NG_CHEE_ZACKERMAX_SEE_Improvements_Archive/thursday_FIVEpm/thursday_FIVEpm.srcs/sources_1/new/lcg_easyK.v:23]
INFO: [Synth 8-6157] synthesizing module 'linear_congruential_generator' [C:/Users/bucks/Downloads/Telegram Desktop/S3_01_LIM_YU_MARCUS_WONG_NG_CHEE_ZACKERMAX_SEE_Improvements_Archive/thursday_FIVEpm/thursday_FIVEpm.srcs/sources_1/new/linear_congruential_generator.v:23]
INFO: [Synth 8-6155] done synthesizing module 'linear_congruential_generator' (22#1) [C:/Users/bucks/Downloads/Telegram Desktop/S3_01_LIM_YU_MARCUS_WONG_NG_CHEE_ZACKERMAX_SEE_Improvements_Archive/thursday_FIVEpm/thursday_FIVEpm.srcs/sources_1/new/linear_congruential_generator.v:23]
WARNING: [Synth 8-6090] variable 'left' is written by both blocking and non-blocking assignments, entire logic could be removed [C:/Users/bucks/Downloads/Telegram Desktop/S3_01_LIM_YU_MARCUS_WONG_NG_CHEE_ZACKERMAX_SEE_Improvements_Archive/thursday_FIVEpm/thursday_FIVEpm.srcs/sources_1/new/cpu_player2.v:205]
WARNING: [Synth 8-6090] variable 'right' is written by both blocking and non-blocking assignments, entire logic could be removed [C:/Users/bucks/Downloads/Telegram Desktop/S3_01_LIM_YU_MARCUS_WONG_NG_CHEE_ZACKERMAX_SEE_Improvements_Archive/thursday_FIVEpm/thursday_FIVEpm.srcs/sources_1/new/cpu_player2.v:206]
WARNING: [Synth 8-6090] variable 'kick' is written by both blocking and non-blocking assignments, entire logic could be removed [C:/Users/bucks/Downloads/Telegram Desktop/S3_01_LIM_YU_MARCUS_WONG_NG_CHEE_ZACKERMAX_SEE_Improvements_Archive/thursday_FIVEpm/thursday_FIVEpm.srcs/sources_1/new/cpu_player2.v:207]
WARNING: [Synth 8-6090] variable 'jump' is written by both blocking and non-blocking assignments, entire logic could be removed [C:/Users/bucks/Downloads/Telegram Desktop/S3_01_LIM_YU_MARCUS_WONG_NG_CHEE_ZACKERMAX_SEE_Improvements_Archive/thursday_FIVEpm/thursday_FIVEpm.srcs/sources_1/new/cpu_player2.v:208]
WARNING: [Synth 8-6090] variable 'left' is written by both blocking and non-blocking assignments, entire logic could be removed [C:/Users/bucks/Downloads/Telegram Desktop/S3_01_LIM_YU_MARCUS_WONG_NG_CHEE_ZACKERMAX_SEE_Improvements_Archive/thursday_FIVEpm/thursday_FIVEpm.srcs/sources_1/new/cpu_player2.v:213]
WARNING: [Synth 8-6090] variable 'right' is written by both blocking and non-blocking assignments, entire logic could be removed [C:/Users/bucks/Downloads/Telegram Desktop/S3_01_LIM_YU_MARCUS_WONG_NG_CHEE_ZACKERMAX_SEE_Improvements_Archive/thursday_FIVEpm/thursday_FIVEpm.srcs/sources_1/new/cpu_player2.v:214]
WARNING: [Synth 8-6090] variable 'kick' is written by both blocking and non-blocking assignments, entire logic could be removed [C:/Users/bucks/Downloads/Telegram Desktop/S3_01_LIM_YU_MARCUS_WONG_NG_CHEE_ZACKERMAX_SEE_Improvements_Archive/thursday_FIVEpm/thursday_FIVEpm.srcs/sources_1/new/cpu_player2.v:215]
WARNING: [Synth 8-6090] variable 'jump' is written by both blocking and non-blocking assignments, entire logic could be removed [C:/Users/bucks/Downloads/Telegram Desktop/S3_01_LIM_YU_MARCUS_WONG_NG_CHEE_ZACKERMAX_SEE_Improvements_Archive/thursday_FIVEpm/thursday_FIVEpm.srcs/sources_1/new/cpu_player2.v:216]
WARNING: [Synth 8-6090] variable 'left' is written by both blocking and non-blocking assignments, entire logic could be removed [C:/Users/bucks/Downloads/Telegram Desktop/S3_01_LIM_YU_MARCUS_WONG_NG_CHEE_ZACKERMAX_SEE_Improvements_Archive/thursday_FIVEpm/thursday_FIVEpm.srcs/sources_1/new/cpu_player2.v:221]
WARNING: [Synth 8-6090] variable 'right' is written by both blocking and non-blocking assignments, entire logic could be removed [C:/Users/bucks/Downloads/Telegram Desktop/S3_01_LIM_YU_MARCUS_WONG_NG_CHEE_ZACKERMAX_SEE_Improvements_Archive/thursday_FIVEpm/thursday_FIVEpm.srcs/sources_1/new/cpu_player2.v:222]
WARNING: [Synth 8-6090] variable 'kick' is written by both blocking and non-blocking assignments, entire logic could be removed [C:/Users/bucks/Downloads/Telegram Desktop/S3_01_LIM_YU_MARCUS_WONG_NG_CHEE_ZACKERMAX_SEE_Improvements_Archive/thursday_FIVEpm/thursday_FIVEpm.srcs/sources_1/new/cpu_player2.v:223]
WARNING: [Synth 8-6090] variable 'jump' is written by both blocking and non-blocking assignments, entire logic could be removed [C:/Users/bucks/Downloads/Telegram Desktop/S3_01_LIM_YU_MARCUS_WONG_NG_CHEE_ZACKERMAX_SEE_Improvements_Archive/thursday_FIVEpm/thursday_FIVEpm.srcs/sources_1/new/cpu_player2.v:224]
INFO: [Synth 8-155] case statement is not full and has no default [C:/Users/bucks/Downloads/Telegram Desktop/S3_01_LIM_YU_MARCUS_WONG_NG_CHEE_ZACKERMAX_SEE_Improvements_Archive/thursday_FIVEpm/thursday_FIVEpm.srcs/sources_1/new/cpu_player2.v:203]
WARNING: [Synth 8-6014] Unused sequential element too_largeGap_reg was removed.  [C:/Users/bucks/Downloads/Telegram Desktop/S3_01_LIM_YU_MARCUS_WONG_NG_CHEE_ZACKERMAX_SEE_Improvements_Archive/thursday_FIVEpm/thursday_FIVEpm.srcs/sources_1/new/cpu_player2.v:179]
WARNING: [Synth 8-6014] Unused sequential element medium_mode_reg was removed.  [C:/Users/bucks/Downloads/Telegram Desktop/S3_01_LIM_YU_MARCUS_WONG_NG_CHEE_ZACKERMAX_SEE_Improvements_Archive/thursday_FIVEpm/thursday_FIVEpm.srcs/sources_1/new/cpu_player2.v:195]
WARNING: [Synth 8-6014] Unused sequential element hard_mode_reg was removed.  [C:/Users/bucks/Downloads/Telegram Desktop/S3_01_LIM_YU_MARCUS_WONG_NG_CHEE_ZACKERMAX_SEE_Improvements_Archive/thursday_FIVEpm/thursday_FIVEpm.srcs/sources_1/new/cpu_player2.v:196]
INFO: [Synth 8-6155] done synthesizing module 'cpu_player2' (23#1) [C:/Users/bucks/Downloads/Telegram Desktop/S3_01_LIM_YU_MARCUS_WONG_NG_CHEE_ZACKERMAX_SEE_Improvements_Archive/thursday_FIVEpm/thursday_FIVEpm.srcs/sources_1/new/cpu_player2.v:23]
INFO: [Synth 8-6157] synthesizing module 'Oled_Display' [C:/Users/bucks/Downloads/Telegram Desktop/S3_01_LIM_YU_MARCUS_WONG_NG_CHEE_ZACKERMAX_SEE_Improvements_Archive/thursday_FIVEpm/thursday_FIVEpm.srcs/sources_1/imports/Desktop/Oled_Display.v:36]
	Parameter Width bound to: 96 - type: integer 
	Parameter Height bound to: 64 - type: integer 
	Parameter PixelCount bound to: 6144 - type: integer 
	Parameter PixelCountWidth bound to: 13 - type: integer 
	Parameter ClkFreq bound to: 6250000 - type: integer 
	Parameter FrameFreq bound to: 60 - type: integer 
	Parameter FrameDiv bound to: 104166 - type: integer 
	Parameter FrameDivWidth bound to: 17 - type: integer 
	Parameter PowerDelay bound to: 20 - type: integer 
	Parameter ResetDelay bound to: 3 - type: integer 
	Parameter VccEnDelay bound to: 20 - type: integer 
	Parameter StartupCompleteDelay bound to: 100 - type: integer 
	Parameter MaxDelay bound to: 100 - type: integer 
	Parameter MaxDelayCount bound to: 625000 - type: integer 
	Parameter StateCount bound to: 32 - type: integer 
	Parameter StateWidth bound to: 5 - type: integer 
	Parameter PowerUp bound to: 5'b00000 
	Parameter Reset bound to: 5'b00001 
	Parameter ReleaseReset bound to: 5'b00011 
	Parameter EnableDriver bound to: 5'b00010 
	Parameter DisplayOff bound to: 5'b00110 
	Parameter SetRemapDisplayFormat bound to: 5'b00111 
	Parameter SetStartLine bound to: 5'b00101 
	Parameter SetOffset bound to: 5'b00100 
	Parameter SetNormalDisplay bound to: 5'b01100 
	Parameter SetMultiplexRatio bound to: 5'b01101 
	Parameter SetMasterConfiguration bound to: 5'b01111 
	Parameter DisablePowerSave bound to: 5'b01110 
	Parameter SetPhaseAdjust bound to: 5'b01010 
	Parameter SetDisplayClock bound to: 5'b01011 
	Parameter SetSecondPrechargeA bound to: 5'b01001 
	Parameter SetSecondPrechargeB bound to: 5'b01000 
	Parameter SetSecondPrechargeC bound to: 5'b11000 
	Parameter SetPrechargeLevel bound to: 5'b11001 
	Parameter SetVCOMH bound to: 5'b11011 
	Parameter SetMasterCurrent bound to: 5'b11010 
	Parameter SetContrastA bound to: 5'b11110 
	Parameter SetContrastB bound to: 5'b11111 
	Parameter SetContrastC bound to: 5'b11101 
	Parameter DisableScrolling bound to: 5'b11100 
	Parameter ClearScreen bound to: 5'b10100 
	Parameter VccEn bound to: 5'b10101 
	Parameter DisplayOn bound to: 5'b10111 
	Parameter PrepareNextFrame bound to: 5'b10110 
	Parameter SetColAddress bound to: 5'b10010 
	Parameter SetRowAddress bound to: 5'b10011 
	Parameter WaitNextFrame bound to: 5'b10001 
	Parameter SendPixel bound to: 5'b10000 
	Parameter SpiCommandMaxWidth bound to: 40 - type: integer 
	Parameter SpiCommandBitCountWidth bound to: 6 - type: integer 
INFO: [Synth 8-226] default block is never used [C:/Users/bucks/Downloads/Telegram Desktop/S3_01_LIM_YU_MARCUS_WONG_NG_CHEE_ZACKERMAX_SEE_Improvements_Archive/thursday_FIVEpm/thursday_FIVEpm.srcs/sources_1/imports/Desktop/Oled_Display.v:123]
INFO: [Synth 8-226] default block is never used [C:/Users/bucks/Downloads/Telegram Desktop/S3_01_LIM_YU_MARCUS_WONG_NG_CHEE_ZACKERMAX_SEE_Improvements_Archive/thursday_FIVEpm/thursday_FIVEpm.srcs/sources_1/imports/Desktop/Oled_Display.v:198]
WARNING: [Synth 8-693] zero replication count - replication ignored [C:/Users/bucks/Downloads/Telegram Desktop/S3_01_LIM_YU_MARCUS_WONG_NG_CHEE_ZACKERMAX_SEE_Improvements_Archive/thursday_FIVEpm/thursday_FIVEpm.srcs/sources_1/imports/Desktop/Oled_Display.v:346]
INFO: [Synth 8-6155] done synthesizing module 'Oled_Display' (24#1) [C:/Users/bucks/Downloads/Telegram Desktop/S3_01_LIM_YU_MARCUS_WONG_NG_CHEE_ZACKERMAX_SEE_Improvements_Archive/thursday_FIVEpm/thursday_FIVEpm.srcs/sources_1/imports/Desktop/Oled_Display.v:36]
INFO: [Synth 8-6157] synthesizing module 'GraphicRenderer' [C:/Users/bucks/Downloads/Telegram Desktop/S3_01_LIM_YU_MARCUS_WONG_NG_CHEE_ZACKERMAX_SEE_Improvements_Archive/thursday_FIVEpm/thursday_FIVEpm.srcs/sources_1/new/graphics/GraphicRenderer.v:23]
INFO: [Synth 8-6157] synthesizing module 'PlayerSprite_Control' [C:/Users/bucks/Downloads/Telegram Desktop/S3_01_LIM_YU_MARCUS_WONG_NG_CHEE_ZACKERMAX_SEE_Improvements_Archive/thursday_FIVEpm/thursday_FIVEpm.srcs/sources_1/new/graphics/PlayerSprite_Control.v:23]
	Parameter MAX_X bound to: 95 - type: integer 
	Parameter MAX_Y bound to: 63 - type: integer 
	Parameter P_W bound to: 10 - type: integer 
	Parameter P_H bound to: 12 - type: integer 
	Parameter LEFT bound to: 0 - type: integer 
	Parameter RIGHT bound to: 1 - type: integer 
	Parameter JUMP bound to: 0 - type: integer 
	Parameter IDLE bound to: 1 - type: integer 
	Parameter WALK bound to: 2 - type: integer 
	Parameter KICK bound to: 3 - type: integer 
INFO: [Synth 8-6157] synthesizing module 'player1_idle_rom' [C:/Users/bucks/Downloads/Telegram Desktop/S3_01_LIM_YU_MARCUS_WONG_NG_CHEE_ZACKERMAX_SEE_Improvements_Archive/thursday_FIVEpm/thursday_FIVEpm.srcs/sources_1/new/graphics/COE Generator/player1_idle_rom.v:1]
WARNING: [Synth 8-567] referenced signal 'row' should be on the sensitivity list [C:/Users/bucks/Downloads/Telegram Desktop/S3_01_LIM_YU_MARCUS_WONG_NG_CHEE_ZACKERMAX_SEE_Improvements_Archive/thursday_FIVEpm/thursday_FIVEpm.srcs/sources_1/new/graphics/COE Generator/player1_idle_rom.v:9]
WARNING: [Synth 8-567] referenced signal 'col' should be on the sensitivity list [C:/Users/bucks/Downloads/Telegram Desktop/S3_01_LIM_YU_MARCUS_WONG_NG_CHEE_ZACKERMAX_SEE_Improvements_Archive/thursday_FIVEpm/thursday_FIVEpm.srcs/sources_1/new/graphics/COE Generator/player1_idle_rom.v:9]
INFO: [Synth 8-6155] done synthesizing module 'player1_idle_rom' (25#1) [C:/Users/bucks/Downloads/Telegram Desktop/S3_01_LIM_YU_MARCUS_WONG_NG_CHEE_ZACKERMAX_SEE_Improvements_Archive/thursday_FIVEpm/thursday_FIVEpm.srcs/sources_1/new/graphics/COE Generator/player1_idle_rom.v:1]
INFO: [Synth 8-6157] synthesizing module 'player2_idle_rom' [C:/Users/bucks/Downloads/Telegram Desktop/S3_01_LIM_YU_MARCUS_WONG_NG_CHEE_ZACKERMAX_SEE_Improvements_Archive/thursday_FIVEpm/thursday_FIVEpm.srcs/sources_1/new/graphics/COE Generator/player2_idle_rom.v:1]
WARNING: [Synth 8-567] referenced signal 'row' should be on the sensitivity list [C:/Users/bucks/Downloads/Telegram Desktop/S3_01_LIM_YU_MARCUS_WONG_NG_CHEE_ZACKERMAX_SEE_Improvements_Archive/thursday_FIVEpm/thursday_FIVEpm.srcs/sources_1/new/graphics/COE Generator/player2_idle_rom.v:9]
WARNING: [Synth 8-567] referenced signal 'col' should be on the sensitivity list [C:/Users/bucks/Downloads/Telegram Desktop/S3_01_LIM_YU_MARCUS_WONG_NG_CHEE_ZACKERMAX_SEE_Improvements_Archive/thursday_FIVEpm/thursday_FIVEpm.srcs/sources_1/new/graphics/COE Generator/player2_idle_rom.v:9]
INFO: [Synth 8-6155] done synthesizing module 'player2_idle_rom' (26#1) [C:/Users/bucks/Downloads/Telegram Desktop/S3_01_LIM_YU_MARCUS_WONG_NG_CHEE_ZACKERMAX_SEE_Improvements_Archive/thursday_FIVEpm/thursday_FIVEpm.srcs/sources_1/new/graphics/COE Generator/player2_idle_rom.v:1]
INFO: [Synth 8-6157] synthesizing module 'walking_animation' [C:/Users/bucks/Downloads/Telegram Desktop/S3_01_LIM_YU_MARCUS_WONG_NG_CHEE_ZACKERMAX_SEE_Improvements_Archive/thursday_FIVEpm/thursday_FIVEpm.srcs/sources_1/new/graphics/walking_animation.v:23]
INFO: [Synth 8-6157] synthesizing module 'player1_run1_rom' [C:/Users/bucks/Downloads/Telegram Desktop/S3_01_LIM_YU_MARCUS_WONG_NG_CHEE_ZACKERMAX_SEE_Improvements_Archive/thursday_FIVEpm/thursday_FIVEpm.srcs/sources_1/new/graphics/COE Generator/player1_run1_rom.v:1]
WARNING: [Synth 8-567] referenced signal 'row' should be on the sensitivity list [C:/Users/bucks/Downloads/Telegram Desktop/S3_01_LIM_YU_MARCUS_WONG_NG_CHEE_ZACKERMAX_SEE_Improvements_Archive/thursday_FIVEpm/thursday_FIVEpm.srcs/sources_1/new/graphics/COE Generator/player1_run1_rom.v:9]
WARNING: [Synth 8-567] referenced signal 'col' should be on the sensitivity list [C:/Users/bucks/Downloads/Telegram Desktop/S3_01_LIM_YU_MARCUS_WONG_NG_CHEE_ZACKERMAX_SEE_Improvements_Archive/thursday_FIVEpm/thursday_FIVEpm.srcs/sources_1/new/graphics/COE Generator/player1_run1_rom.v:9]
INFO: [Synth 8-6155] done synthesizing module 'player1_run1_rom' (27#1) [C:/Users/bucks/Downloads/Telegram Desktop/S3_01_LIM_YU_MARCUS_WONG_NG_CHEE_ZACKERMAX_SEE_Improvements_Archive/thursday_FIVEpm/thursday_FIVEpm.srcs/sources_1/new/graphics/COE Generator/player1_run1_rom.v:1]
INFO: [Synth 8-6157] synthesizing module 'player1_run2_rom' [C:/Users/bucks/Downloads/Telegram Desktop/S3_01_LIM_YU_MARCUS_WONG_NG_CHEE_ZACKERMAX_SEE_Improvements_Archive/thursday_FIVEpm/thursday_FIVEpm.srcs/sources_1/new/graphics/COE Generator/player1_run2_rom.v:1]
WARNING: [Synth 8-567] referenced signal 'row' should be on the sensitivity list [C:/Users/bucks/Downloads/Telegram Desktop/S3_01_LIM_YU_MARCUS_WONG_NG_CHEE_ZACKERMAX_SEE_Improvements_Archive/thursday_FIVEpm/thursday_FIVEpm.srcs/sources_1/new/graphics/COE Generator/player1_run2_rom.v:9]
WARNING: [Synth 8-567] referenced signal 'col' should be on the sensitivity list [C:/Users/bucks/Downloads/Telegram Desktop/S3_01_LIM_YU_MARCUS_WONG_NG_CHEE_ZACKERMAX_SEE_Improvements_Archive/thursday_FIVEpm/thursday_FIVEpm.srcs/sources_1/new/graphics/COE Generator/player1_run2_rom.v:9]
INFO: [Synth 8-6155] done synthesizing module 'player1_run2_rom' (28#1) [C:/Users/bucks/Downloads/Telegram Desktop/S3_01_LIM_YU_MARCUS_WONG_NG_CHEE_ZACKERMAX_SEE_Improvements_Archive/thursday_FIVEpm/thursday_FIVEpm.srcs/sources_1/new/graphics/COE Generator/player1_run2_rom.v:1]
INFO: [Synth 8-6157] synthesizing module 'player1_run3_rom' [C:/Users/bucks/Downloads/Telegram Desktop/S3_01_LIM_YU_MARCUS_WONG_NG_CHEE_ZACKERMAX_SEE_Improvements_Archive/thursday_FIVEpm/thursday_FIVEpm.srcs/sources_1/new/graphics/COE Generator/player1_run3_rom.v:1]
WARNING: [Synth 8-567] referenced signal 'row' should be on the sensitivity list [C:/Users/bucks/Downloads/Telegram Desktop/S3_01_LIM_YU_MARCUS_WONG_NG_CHEE_ZACKERMAX_SEE_Improvements_Archive/thursday_FIVEpm/thursday_FIVEpm.srcs/sources_1/new/graphics/COE Generator/player1_run3_rom.v:9]
WARNING: [Synth 8-567] referenced signal 'col' should be on the sensitivity list [C:/Users/bucks/Downloads/Telegram Desktop/S3_01_LIM_YU_MARCUS_WONG_NG_CHEE_ZACKERMAX_SEE_Improvements_Archive/thursday_FIVEpm/thursday_FIVEpm.srcs/sources_1/new/graphics/COE Generator/player1_run3_rom.v:9]
INFO: [Synth 8-6155] done synthesizing module 'player1_run3_rom' (29#1) [C:/Users/bucks/Downloads/Telegram Desktop/S3_01_LIM_YU_MARCUS_WONG_NG_CHEE_ZACKERMAX_SEE_Improvements_Archive/thursday_FIVEpm/thursday_FIVEpm.srcs/sources_1/new/graphics/COE Generator/player1_run3_rom.v:1]
INFO: [Synth 8-6157] synthesizing module 'player1_run4_rom' [C:/Users/bucks/Downloads/Telegram Desktop/S3_01_LIM_YU_MARCUS_WONG_NG_CHEE_ZACKERMAX_SEE_Improvements_Archive/thursday_FIVEpm/thursday_FIVEpm.srcs/sources_1/new/graphics/COE Generator/player1_run4_rom.v:1]
WARNING: [Synth 8-567] referenced signal 'row' should be on the sensitivity list [C:/Users/bucks/Downloads/Telegram Desktop/S3_01_LIM_YU_MARCUS_WONG_NG_CHEE_ZACKERMAX_SEE_Improvements_Archive/thursday_FIVEpm/thursday_FIVEpm.srcs/sources_1/new/graphics/COE Generator/player1_run4_rom.v:9]
WARNING: [Synth 8-567] referenced signal 'col' should be on the sensitivity list [C:/Users/bucks/Downloads/Telegram Desktop/S3_01_LIM_YU_MARCUS_WONG_NG_CHEE_ZACKERMAX_SEE_Improvements_Archive/thursday_FIVEpm/thursday_FIVEpm.srcs/sources_1/new/graphics/COE Generator/player1_run4_rom.v:9]
INFO: [Synth 8-6155] done synthesizing module 'player1_run4_rom' (30#1) [C:/Users/bucks/Downloads/Telegram Desktop/S3_01_LIM_YU_MARCUS_WONG_NG_CHEE_ZACKERMAX_SEE_Improvements_Archive/thursday_FIVEpm/thursday_FIVEpm.srcs/sources_1/new/graphics/COE Generator/player1_run4_rom.v:1]
INFO: [Synth 8-6157] synthesizing module 'player2_run1_rom' [C:/Users/bucks/Downloads/Telegram Desktop/S3_01_LIM_YU_MARCUS_WONG_NG_CHEE_ZACKERMAX_SEE_Improvements_Archive/thursday_FIVEpm/thursday_FIVEpm.srcs/sources_1/new/graphics/COE Generator/player2_run1_rom.v:1]
WARNING: [Synth 8-567] referenced signal 'row' should be on the sensitivity list [C:/Users/bucks/Downloads/Telegram Desktop/S3_01_LIM_YU_MARCUS_WONG_NG_CHEE_ZACKERMAX_SEE_Improvements_Archive/thursday_FIVEpm/thursday_FIVEpm.srcs/sources_1/new/graphics/COE Generator/player2_run1_rom.v:9]
WARNING: [Synth 8-567] referenced signal 'col' should be on the sensitivity list [C:/Users/bucks/Downloads/Telegram Desktop/S3_01_LIM_YU_MARCUS_WONG_NG_CHEE_ZACKERMAX_SEE_Improvements_Archive/thursday_FIVEpm/thursday_FIVEpm.srcs/sources_1/new/graphics/COE Generator/player2_run1_rom.v:9]
INFO: [Synth 8-6155] done synthesizing module 'player2_run1_rom' (31#1) [C:/Users/bucks/Downloads/Telegram Desktop/S3_01_LIM_YU_MARCUS_WONG_NG_CHEE_ZACKERMAX_SEE_Improvements_Archive/thursday_FIVEpm/thursday_FIVEpm.srcs/sources_1/new/graphics/COE Generator/player2_run1_rom.v:1]
INFO: [Synth 8-6157] synthesizing module 'player2_run2_rom' [C:/Users/bucks/Downloads/Telegram Desktop/S3_01_LIM_YU_MARCUS_WONG_NG_CHEE_ZACKERMAX_SEE_Improvements_Archive/thursday_FIVEpm/thursday_FIVEpm.srcs/sources_1/new/graphics/COE Generator/player2_run2_rom.v:1]
WARNING: [Synth 8-567] referenced signal 'row' should be on the sensitivity list [C:/Users/bucks/Downloads/Telegram Desktop/S3_01_LIM_YU_MARCUS_WONG_NG_CHEE_ZACKERMAX_SEE_Improvements_Archive/thursday_FIVEpm/thursday_FIVEpm.srcs/sources_1/new/graphics/COE Generator/player2_run2_rom.v:9]
WARNING: [Synth 8-567] referenced signal 'col' should be on the sensitivity list [C:/Users/bucks/Downloads/Telegram Desktop/S3_01_LIM_YU_MARCUS_WONG_NG_CHEE_ZACKERMAX_SEE_Improvements_Archive/thursday_FIVEpm/thursday_FIVEpm.srcs/sources_1/new/graphics/COE Generator/player2_run2_rom.v:9]
INFO: [Synth 8-6155] done synthesizing module 'player2_run2_rom' (32#1) [C:/Users/bucks/Downloads/Telegram Desktop/S3_01_LIM_YU_MARCUS_WONG_NG_CHEE_ZACKERMAX_SEE_Improvements_Archive/thursday_FIVEpm/thursday_FIVEpm.srcs/sources_1/new/graphics/COE Generator/player2_run2_rom.v:1]
INFO: [Synth 8-6157] synthesizing module 'player2_run3_rom' [C:/Users/bucks/Downloads/Telegram Desktop/S3_01_LIM_YU_MARCUS_WONG_NG_CHEE_ZACKERMAX_SEE_Improvements_Archive/thursday_FIVEpm/thursday_FIVEpm.srcs/sources_1/new/graphics/COE Generator/player2_run3_rom.v:1]
WARNING: [Synth 8-567] referenced signal 'row' should be on the sensitivity list [C:/Users/bucks/Downloads/Telegram Desktop/S3_01_LIM_YU_MARCUS_WONG_NG_CHEE_ZACKERMAX_SEE_Improvements_Archive/thursday_FIVEpm/thursday_FIVEpm.srcs/sources_1/new/graphics/COE Generator/player2_run3_rom.v:9]
WARNING: [Synth 8-567] referenced signal 'col' should be on the sensitivity list [C:/Users/bucks/Downloads/Telegram Desktop/S3_01_LIM_YU_MARCUS_WONG_NG_CHEE_ZACKERMAX_SEE_Improvements_Archive/thursday_FIVEpm/thursday_FIVEpm.srcs/sources_1/new/graphics/COE Generator/player2_run3_rom.v:9]
INFO: [Synth 8-6155] done synthesizing module 'player2_run3_rom' (33#1) [C:/Users/bucks/Downloads/Telegram Desktop/S3_01_LIM_YU_MARCUS_WONG_NG_CHEE_ZACKERMAX_SEE_Improvements_Archive/thursday_FIVEpm/thursday_FIVEpm.srcs/sources_1/new/graphics/COE Generator/player2_run3_rom.v:1]
INFO: [Synth 8-6157] synthesizing module 'player2_run4_rom' [C:/Users/bucks/Downloads/Telegram Desktop/S3_01_LIM_YU_MARCUS_WONG_NG_CHEE_ZACKERMAX_SEE_Improvements_Archive/thursday_FIVEpm/thursday_FIVEpm.srcs/sources_1/new/graphics/COE Generator/player2_run4_rom.v:1]
WARNING: [Synth 8-567] referenced signal 'row' should be on the sensitivity list [C:/Users/bucks/Downloads/Telegram Desktop/S3_01_LIM_YU_MARCUS_WONG_NG_CHEE_ZACKERMAX_SEE_Improvements_Archive/thursday_FIVEpm/thursday_FIVEpm.srcs/sources_1/new/graphics/COE Generator/player2_run4_rom.v:9]
WARNING: [Synth 8-567] referenced signal 'col' should be on the sensitivity list [C:/Users/bucks/Downloads/Telegram Desktop/S3_01_LIM_YU_MARCUS_WONG_NG_CHEE_ZACKERMAX_SEE_Improvements_Archive/thursday_FIVEpm/thursday_FIVEpm.srcs/sources_1/new/graphics/COE Generator/player2_run4_rom.v:9]
INFO: [Synth 8-6155] done synthesizing module 'player2_run4_rom' (34#1) [C:/Users/bucks/Downloads/Telegram Desktop/S3_01_LIM_YU_MARCUS_WONG_NG_CHEE_ZACKERMAX_SEE_Improvements_Archive/thursday_FIVEpm/thursday_FIVEpm.srcs/sources_1/new/graphics/COE Generator/player2_run4_rom.v:1]
INFO: [Synth 8-6155] done synthesizing module 'walking_animation' (35#1) [C:/Users/bucks/Downloads/Telegram Desktop/S3_01_LIM_YU_MARCUS_WONG_NG_CHEE_ZACKERMAX_SEE_Improvements_Archive/thursday_FIVEpm/thursday_FIVEpm.srcs/sources_1/new/graphics/walking_animation.v:23]
INFO: [Synth 8-6157] synthesizing module 'kicking_animation' [C:/Users/bucks/Downloads/Telegram Desktop/S3_01_LIM_YU_MARCUS_WONG_NG_CHEE_ZACKERMAX_SEE_Improvements_Archive/thursday_FIVEpm/thursday_FIVEpm.srcs/sources_1/new/graphics/kicking_animation.v:23]
	Parameter KICK bound to: 3 - type: integer 
INFO: [Synth 8-6155] done synthesizing module 'kicking_animation' (36#1) [C:/Users/bucks/Downloads/Telegram Desktop/S3_01_LIM_YU_MARCUS_WONG_NG_CHEE_ZACKERMAX_SEE_Improvements_Archive/thursday_FIVEpm/thursday_FIVEpm.srcs/sources_1/new/graphics/kicking_animation.v:23]
WARNING: [Synth 8-567] referenced signal 'movement' should be on the sensitivity list [C:/Users/bucks/Downloads/Telegram Desktop/S3_01_LIM_YU_MARCUS_WONG_NG_CHEE_ZACKERMAX_SEE_Improvements_Archive/thursday_FIVEpm/thursday_FIVEpm.srcs/sources_1/new/graphics/PlayerSprite_Control.v:101]
WARNING: [Synth 8-567] referenced signal 'kick_rgb' should be on the sensitivity list [C:/Users/bucks/Downloads/Telegram Desktop/S3_01_LIM_YU_MARCUS_WONG_NG_CHEE_ZACKERMAX_SEE_Improvements_Archive/thursday_FIVEpm/thursday_FIVEpm.srcs/sources_1/new/graphics/PlayerSprite_Control.v:101]
WARNING: [Synth 8-567] referenced signal 'jump_rgb' should be on the sensitivity list [C:/Users/bucks/Downloads/Telegram Desktop/S3_01_LIM_YU_MARCUS_WONG_NG_CHEE_ZACKERMAX_SEE_Improvements_Archive/thursday_FIVEpm/thursday_FIVEpm.srcs/sources_1/new/graphics/PlayerSprite_Control.v:101]
WARNING: [Synth 8-567] referenced signal 'walk_rgb' should be on the sensitivity list [C:/Users/bucks/Downloads/Telegram Desktop/S3_01_LIM_YU_MARCUS_WONG_NG_CHEE_ZACKERMAX_SEE_Improvements_Archive/thursday_FIVEpm/thursday_FIVEpm.srcs/sources_1/new/graphics/PlayerSprite_Control.v:101]
WARNING: [Synth 8-567] referenced signal 'stand_rgb' should be on the sensitivity list [C:/Users/bucks/Downloads/Telegram Desktop/S3_01_LIM_YU_MARCUS_WONG_NG_CHEE_ZACKERMAX_SEE_Improvements_Archive/thursday_FIVEpm/thursday_FIVEpm.srcs/sources_1/new/graphics/PlayerSprite_Control.v:101]
INFO: [Synth 8-6155] done synthesizing module 'PlayerSprite_Control' (37#1) [C:/Users/bucks/Downloads/Telegram Desktop/S3_01_LIM_YU_MARCUS_WONG_NG_CHEE_ZACKERMAX_SEE_Improvements_Archive/thursday_FIVEpm/thursday_FIVEpm.srcs/sources_1/new/graphics/PlayerSprite_Control.v:23]
INFO: [Synth 8-6157] synthesizing module 'ball_sprite_control' [C:/Users/bucks/Downloads/Telegram Desktop/S3_01_LIM_YU_MARCUS_WONG_NG_CHEE_ZACKERMAX_SEE_Improvements_Archive/thursday_FIVEpm/thursday_FIVEpm.srcs/sources_1/new/graphics/ball_sprite_control.v:23]
	Parameter MAX_X bound to: 95 - type: integer 
	Parameter MAX_Y bound to: 63 - type: integer 
	Parameter B_W bound to: 5 - type: integer 
	Parameter B_H bound to: 5 - type: integer 
	Parameter IDLE bound to: 0 - type: integer 
	Parameter LEFT bound to: 1 - type: integer 
	Parameter RIGHT bound to: 2 - type: integer 
INFO: [Synth 8-6157] synthesizing module 'ball_animation' [C:/Users/bucks/Downloads/Telegram Desktop/S3_01_LIM_YU_MARCUS_WONG_NG_CHEE_ZACKERMAX_SEE_Improvements_Archive/thursday_FIVEpm/thursday_FIVEpm.srcs/sources_1/new/graphics/ball_animation.v:23]
	Parameter IDLE bound to: 0 - type: integer 
	Parameter LEFT bound to: 1 - type: integer 
	Parameter RIGHT bound to: 2 - type: integer 
INFO: [Synth 8-6157] synthesizing module 'ball_1_rom' [C:/Users/bucks/Downloads/Telegram Desktop/S3_01_LIM_YU_MARCUS_WONG_NG_CHEE_ZACKERMAX_SEE_Improvements_Archive/thursday_FIVEpm/thursday_FIVEpm.srcs/sources_1/new/graphics/SoccerBall/ball_1_rom.v:1]
WARNING: [Synth 8-567] referenced signal 'row' should be on the sensitivity list [C:/Users/bucks/Downloads/Telegram Desktop/S3_01_LIM_YU_MARCUS_WONG_NG_CHEE_ZACKERMAX_SEE_Improvements_Archive/thursday_FIVEpm/thursday_FIVEpm.srcs/sources_1/new/graphics/SoccerBall/ball_1_rom.v:9]
WARNING: [Synth 8-567] referenced signal 'col' should be on the sensitivity list [C:/Users/bucks/Downloads/Telegram Desktop/S3_01_LIM_YU_MARCUS_WONG_NG_CHEE_ZACKERMAX_SEE_Improvements_Archive/thursday_FIVEpm/thursday_FIVEpm.srcs/sources_1/new/graphics/SoccerBall/ball_1_rom.v:9]
INFO: [Synth 8-6155] done synthesizing module 'ball_1_rom' (38#1) [C:/Users/bucks/Downloads/Telegram Desktop/S3_01_LIM_YU_MARCUS_WONG_NG_CHEE_ZACKERMAX_SEE_Improvements_Archive/thursday_FIVEpm/thursday_FIVEpm.srcs/sources_1/new/graphics/SoccerBall/ball_1_rom.v:1]
INFO: [Synth 8-6157] synthesizing module 'ball_2_rom' [C:/Users/bucks/Downloads/Telegram Desktop/S3_01_LIM_YU_MARCUS_WONG_NG_CHEE_ZACKERMAX_SEE_Improvements_Archive/thursday_FIVEpm/thursday_FIVEpm.srcs/sources_1/new/graphics/SoccerBall/ball_2_rom.v:1]
WARNING: [Synth 8-567] referenced signal 'row' should be on the sensitivity list [C:/Users/bucks/Downloads/Telegram Desktop/S3_01_LIM_YU_MARCUS_WONG_NG_CHEE_ZACKERMAX_SEE_Improvements_Archive/thursday_FIVEpm/thursday_FIVEpm.srcs/sources_1/new/graphics/SoccerBall/ball_2_rom.v:9]
WARNING: [Synth 8-567] referenced signal 'col' should be on the sensitivity list [C:/Users/bucks/Downloads/Telegram Desktop/S3_01_LIM_YU_MARCUS_WONG_NG_CHEE_ZACKERMAX_SEE_Improvements_Archive/thursday_FIVEpm/thursday_FIVEpm.srcs/sources_1/new/graphics/SoccerBall/ball_2_rom.v:9]
INFO: [Synth 8-6155] done synthesizing module 'ball_2_rom' (39#1) [C:/Users/bucks/Downloads/Telegram Desktop/S3_01_LIM_YU_MARCUS_WONG_NG_CHEE_ZACKERMAX_SEE_Improvements_Archive/thursday_FIVEpm/thursday_FIVEpm.srcs/sources_1/new/graphics/SoccerBall/ball_2_rom.v:1]
INFO: [Synth 8-6157] synthesizing module 'ball_3_rom' [C:/Users/bucks/Downloads/Telegram Desktop/S3_01_LIM_YU_MARCUS_WONG_NG_CHEE_ZACKERMAX_SEE_Improvements_Archive/thursday_FIVEpm/thursday_FIVEpm.srcs/sources_1/new/graphics/SoccerBall/ball_3_rom.v:1]
WARNING: [Synth 8-567] referenced signal 'row' should be on the sensitivity list [C:/Users/bucks/Downloads/Telegram Desktop/S3_01_LIM_YU_MARCUS_WONG_NG_CHEE_ZACKERMAX_SEE_Improvements_Archive/thursday_FIVEpm/thursday_FIVEpm.srcs/sources_1/new/graphics/SoccerBall/ball_3_rom.v:9]
WARNING: [Synth 8-567] referenced signal 'col' should be on the sensitivity list [C:/Users/bucks/Downloads/Telegram Desktop/S3_01_LIM_YU_MARCUS_WONG_NG_CHEE_ZACKERMAX_SEE_Improvements_Archive/thursday_FIVEpm/thursday_FIVEpm.srcs/sources_1/new/graphics/SoccerBall/ball_3_rom.v:9]
INFO: [Synth 8-6155] done synthesizing module 'ball_3_rom' (40#1) [C:/Users/bucks/Downloads/Telegram Desktop/S3_01_LIM_YU_MARCUS_WONG_NG_CHEE_ZACKERMAX_SEE_Improvements_Archive/thursday_FIVEpm/thursday_FIVEpm.srcs/sources_1/new/graphics/SoccerBall/ball_3_rom.v:1]
INFO: [Synth 8-6157] synthesizing module 'ball_4_rom' [C:/Users/bucks/Downloads/Telegram Desktop/S3_01_LIM_YU_MARCUS_WONG_NG_CHEE_ZACKERMAX_SEE_Improvements_Archive/thursday_FIVEpm/thursday_FIVEpm.srcs/sources_1/new/graphics/SoccerBall/ball_4_rom.v:1]
WARNING: [Synth 8-567] referenced signal 'row' should be on the sensitivity list [C:/Users/bucks/Downloads/Telegram Desktop/S3_01_LIM_YU_MARCUS_WONG_NG_CHEE_ZACKERMAX_SEE_Improvements_Archive/thursday_FIVEpm/thursday_FIVEpm.srcs/sources_1/new/graphics/SoccerBall/ball_4_rom.v:9]
WARNING: [Synth 8-567] referenced signal 'col' should be on the sensitivity list [C:/Users/bucks/Downloads/Telegram Desktop/S3_01_LIM_YU_MARCUS_WONG_NG_CHEE_ZACKERMAX_SEE_Improvements_Archive/thursday_FIVEpm/thursday_FIVEpm.srcs/sources_1/new/graphics/SoccerBall/ball_4_rom.v:9]
INFO: [Synth 8-6155] done synthesizing module 'ball_4_rom' (41#1) [C:/Users/bucks/Downloads/Telegram Desktop/S3_01_LIM_YU_MARCUS_WONG_NG_CHEE_ZACKERMAX_SEE_Improvements_Archive/thursday_FIVEpm/thursday_FIVEpm.srcs/sources_1/new/graphics/SoccerBall/ball_4_rom.v:1]
INFO: [Synth 8-6155] done synthesizing module 'ball_animation' (42#1) [C:/Users/bucks/Downloads/Telegram Desktop/S3_01_LIM_YU_MARCUS_WONG_NG_CHEE_ZACKERMAX_SEE_Improvements_Archive/thursday_FIVEpm/thursday_FIVEpm.srcs/sources_1/new/graphics/ball_animation.v:23]
WARNING: [Synth 8-567] referenced signal 'rgb_buffer' should be on the sensitivity list [C:/Users/bucks/Downloads/Telegram Desktop/S3_01_LIM_YU_MARCUS_WONG_NG_CHEE_ZACKERMAX_SEE_Improvements_Archive/thursday_FIVEpm/thursday_FIVEpm.srcs/sources_1/new/graphics/ball_sprite_control.v:60]
INFO: [Synth 8-6155] done synthesizing module 'ball_sprite_control' (43#1) [C:/Users/bucks/Downloads/Telegram Desktop/S3_01_LIM_YU_MARCUS_WONG_NG_CHEE_ZACKERMAX_SEE_Improvements_Archive/thursday_FIVEpm/thursday_FIVEpm.srcs/sources_1/new/graphics/ball_sprite_control.v:23]
INFO: [Synth 8-6157] synthesizing module 'goalpost_control' [C:/Users/bucks/Downloads/Telegram Desktop/S3_01_LIM_YU_MARCUS_WONG_NG_CHEE_ZACKERMAX_SEE_Improvements_Archive/thursday_FIVEpm/thursday_FIVEpm.srcs/sources_1/new/graphics/goalpost_control.v:23]
	Parameter MAX_X bound to: 95 - type: integer 
	Parameter MAX_Y bound to: 63 - type: integer 
	Parameter GP_H bound to: 25 - type: integer 
	Parameter GP_W bound to: 13 - type: integer 
INFO: [Synth 8-6157] synthesizing module 'goalpost_rom' [C:/Users/bucks/Downloads/Telegram Desktop/S3_01_LIM_YU_MARCUS_WONG_NG_CHEE_ZACKERMAX_SEE_Improvements_Archive/thursday_FIVEpm/thursday_FIVEpm.srcs/sources_1/new/graphics/COE Generator/goalpost_rom.v:1]
WARNING: [Synth 8-567] referenced signal 'row' should be on the sensitivity list [C:/Users/bucks/Downloads/Telegram Desktop/S3_01_LIM_YU_MARCUS_WONG_NG_CHEE_ZACKERMAX_SEE_Improvements_Archive/thursday_FIVEpm/thursday_FIVEpm.srcs/sources_1/new/graphics/COE Generator/goalpost_rom.v:9]
WARNING: [Synth 8-567] referenced signal 'col' should be on the sensitivity list [C:/Users/bucks/Downloads/Telegram Desktop/S3_01_LIM_YU_MARCUS_WONG_NG_CHEE_ZACKERMAX_SEE_Improvements_Archive/thursday_FIVEpm/thursday_FIVEpm.srcs/sources_1/new/graphics/COE Generator/goalpost_rom.v:9]
INFO: [Synth 8-6155] done synthesizing module 'goalpost_rom' (44#1) [C:/Users/bucks/Downloads/Telegram Desktop/S3_01_LIM_YU_MARCUS_WONG_NG_CHEE_ZACKERMAX_SEE_Improvements_Archive/thursday_FIVEpm/thursday_FIVEpm.srcs/sources_1/new/graphics/COE Generator/goalpost_rom.v:1]
WARNING: [Synth 8-567] referenced signal 'rgb_buffer' should be on the sensitivity list [C:/Users/bucks/Downloads/Telegram Desktop/S3_01_LIM_YU_MARCUS_WONG_NG_CHEE_ZACKERMAX_SEE_Improvements_Archive/thursday_FIVEpm/thursday_FIVEpm.srcs/sources_1/new/graphics/goalpost_control.v:51]
INFO: [Synth 8-6155] done synthesizing module 'goalpost_control' (45#1) [C:/Users/bucks/Downloads/Telegram Desktop/S3_01_LIM_YU_MARCUS_WONG_NG_CHEE_ZACKERMAX_SEE_Improvements_Archive/thursday_FIVEpm/thursday_FIVEpm.srcs/sources_1/new/graphics/goalpost_control.v:23]
INFO: [Synth 8-6157] synthesizing module 'background_rom' [C:/Users/bucks/Downloads/Telegram Desktop/S3_01_LIM_YU_MARCUS_WONG_NG_CHEE_ZACKERMAX_SEE_Improvements_Archive/thursday_FIVEpm/thursday_FIVEpm.srcs/sources_1/new/graphics/COE Generator/background_16_bit_rom.v:1]
WARNING: [Synth 8-567] referenced signal 'row' should be on the sensitivity list [C:/Users/bucks/Downloads/Telegram Desktop/S3_01_LIM_YU_MARCUS_WONG_NG_CHEE_ZACKERMAX_SEE_Improvements_Archive/thursday_FIVEpm/thursday_FIVEpm.srcs/sources_1/new/graphics/COE Generator/background_16_bit_rom.v:9]
WARNING: [Synth 8-567] referenced signal 'col' should be on the sensitivity list [C:/Users/bucks/Downloads/Telegram Desktop/S3_01_LIM_YU_MARCUS_WONG_NG_CHEE_ZACKERMAX_SEE_Improvements_Archive/thursday_FIVEpm/thursday_FIVEpm.srcs/sources_1/new/graphics/COE Generator/background_16_bit_rom.v:9]
INFO: [Synth 8-6155] done synthesizing module 'background_rom' (46#1) [C:/Users/bucks/Downloads/Telegram Desktop/S3_01_LIM_YU_MARCUS_WONG_NG_CHEE_ZACKERMAX_SEE_Improvements_Archive/thursday_FIVEpm/thursday_FIVEpm.srcs/sources_1/new/graphics/COE Generator/background_16_bit_rom.v:1]
INFO: [Synth 8-6157] synthesizing module 'rgb_selector' [C:/Users/bucks/Downloads/Telegram Desktop/S3_01_LIM_YU_MARCUS_WONG_NG_CHEE_ZACKERMAX_SEE_Improvements_Archive/thursday_FIVEpm/thursday_FIVEpm.srcs/sources_1/new/graphics/rgb_selector.v:23]
WARNING: [Synth 8-567] referenced signal 'goalpost_on' should be on the sensitivity list [C:/Users/bucks/Downloads/Telegram Desktop/S3_01_LIM_YU_MARCUS_WONG_NG_CHEE_ZACKERMAX_SEE_Improvements_Archive/thursday_FIVEpm/thursday_FIVEpm.srcs/sources_1/new/graphics/rgb_selector.v:29]
WARNING: [Synth 8-567] referenced signal 'goalpost_rgb' should be on the sensitivity list [C:/Users/bucks/Downloads/Telegram Desktop/S3_01_LIM_YU_MARCUS_WONG_NG_CHEE_ZACKERMAX_SEE_Improvements_Archive/thursday_FIVEpm/thursday_FIVEpm.srcs/sources_1/new/graphics/rgb_selector.v:29]
WARNING: [Synth 8-567] referenced signal 'ball_on' should be on the sensitivity list [C:/Users/bucks/Downloads/Telegram Desktop/S3_01_LIM_YU_MARCUS_WONG_NG_CHEE_ZACKERMAX_SEE_Improvements_Archive/thursday_FIVEpm/thursday_FIVEpm.srcs/sources_1/new/graphics/rgb_selector.v:29]
WARNING: [Synth 8-567] referenced signal 'ball_rgb' should be on the sensitivity list [C:/Users/bucks/Downloads/Telegram Desktop/S3_01_LIM_YU_MARCUS_WONG_NG_CHEE_ZACKERMAX_SEE_Improvements_Archive/thursday_FIVEpm/thursday_FIVEpm.srcs/sources_1/new/graphics/rgb_selector.v:29]
WARNING: [Synth 8-567] referenced signal 'player1_on' should be on the sensitivity list [C:/Users/bucks/Downloads/Telegram Desktop/S3_01_LIM_YU_MARCUS_WONG_NG_CHEE_ZACKERMAX_SEE_Improvements_Archive/thursday_FIVEpm/thursday_FIVEpm.srcs/sources_1/new/graphics/rgb_selector.v:29]
WARNING: [Synth 8-567] referenced signal 'player1_rgb' should be on the sensitivity list [C:/Users/bucks/Downloads/Telegram Desktop/S3_01_LIM_YU_MARCUS_WONG_NG_CHEE_ZACKERMAX_SEE_Improvements_Archive/thursday_FIVEpm/thursday_FIVEpm.srcs/sources_1/new/graphics/rgb_selector.v:29]
WARNING: [Synth 8-567] referenced signal 'player2_on' should be on the sensitivity list [C:/Users/bucks/Downloads/Telegram Desktop/S3_01_LIM_YU_MARCUS_WONG_NG_CHEE_ZACKERMAX_SEE_Improvements_Archive/thursday_FIVEpm/thursday_FIVEpm.srcs/sources_1/new/graphics/rgb_selector.v:29]
WARNING: [Synth 8-567] referenced signal 'player2_rgb' should be on the sensitivity list [C:/Users/bucks/Downloads/Telegram Desktop/S3_01_LIM_YU_MARCUS_WONG_NG_CHEE_ZACKERMAX_SEE_Improvements_Archive/thursday_FIVEpm/thursday_FIVEpm.srcs/sources_1/new/graphics/rgb_selector.v:29]
WARNING: [Synth 8-567] referenced signal 'background_rgb' should be on the sensitivity list [C:/Users/bucks/Downloads/Telegram Desktop/S3_01_LIM_YU_MARCUS_WONG_NG_CHEE_ZACKERMAX_SEE_Improvements_Archive/thursday_FIVEpm/thursday_FIVEpm.srcs/sources_1/new/graphics/rgb_selector.v:29]
INFO: [Synth 8-6155] done synthesizing module 'rgb_selector' (47#1) [C:/Users/bucks/Downloads/Telegram Desktop/S3_01_LIM_YU_MARCUS_WONG_NG_CHEE_ZACKERMAX_SEE_Improvements_Archive/thursday_FIVEpm/thursday_FIVEpm.srcs/sources_1/new/graphics/rgb_selector.v:23]
INFO: [Synth 8-6155] done synthesizing module 'GraphicRenderer' (48#1) [C:/Users/bucks/Downloads/Telegram Desktop/S3_01_LIM_YU_MARCUS_WONG_NG_CHEE_ZACKERMAX_SEE_Improvements_Archive/thursday_FIVEpm/thursday_FIVEpm.srcs/sources_1/new/graphics/GraphicRenderer.v:23]
INFO: [Synth 8-6157] synthesizing module 'menu_control' [C:/Users/bucks/Downloads/Telegram Desktop/S3_01_LIM_YU_MARCUS_WONG_NG_CHEE_ZACKERMAX_SEE_Improvements_Archive/thursday_FIVEpm/thursday_FIVEpm.srcs/sources_1/new/graphics/menu_control.v:23]
	Parameter thickness bound to: 2 - type: integer 
	Parameter box_width bound to: 57 - type: integer 
	Parameter box_height bound to: 11 - type: integer 
	Parameter default_x bound to: 19 - type: integer 
	Parameter default_y bound to: 24 - type: integer 
	Parameter distance_y bound to: 12 - type: integer 
INFO: [Synth 8-6157] synthesizing module 'menu_1_rom' [C:/Users/bucks/Downloads/Telegram Desktop/S3_01_LIM_YU_MARCUS_WONG_NG_CHEE_ZACKERMAX_SEE_Improvements_Archive/thursday_FIVEpm/thursday_FIVEpm.srcs/sources_1/new/graphics/COE Generator/menu_1_rom.v:1]
INFO: [Synth 8-5534] Detected attribute (* rom_style = "block" *) [C:/Users/bucks/Downloads/Telegram Desktop/S3_01_LIM_YU_MARCUS_WONG_NG_CHEE_ZACKERMAX_SEE_Improvements_Archive/thursday_FIVEpm/thursday_FIVEpm.srcs/sources_1/new/graphics/COE Generator/menu_1_rom.v:10]
INFO: [Synth 8-6155] done synthesizing module 'menu_1_rom' (49#1) [C:/Users/bucks/Downloads/Telegram Desktop/S3_01_LIM_YU_MARCUS_WONG_NG_CHEE_ZACKERMAX_SEE_Improvements_Archive/thursday_FIVEpm/thursday_FIVEpm.srcs/sources_1/new/graphics/COE Generator/menu_1_rom.v:1]
INFO: [Synth 8-6157] synthesizing module 'menu_2_rom' [C:/Users/bucks/Downloads/Telegram Desktop/S3_01_LIM_YU_MARCUS_WONG_NG_CHEE_ZACKERMAX_SEE_Improvements_Archive/thursday_FIVEpm/thursday_FIVEpm.srcs/sources_1/new/graphics/COE Generator/menu_2_rom.v:1]
INFO: [Synth 8-5534] Detected attribute (* rom_style = "block" *) [C:/Users/bucks/Downloads/Telegram Desktop/S3_01_LIM_YU_MARCUS_WONG_NG_CHEE_ZACKERMAX_SEE_Improvements_Archive/thursday_FIVEpm/thursday_FIVEpm.srcs/sources_1/new/graphics/COE Generator/menu_2_rom.v:10]
INFO: [Synth 8-6155] done synthesizing module 'menu_2_rom' (50#1) [C:/Users/bucks/Downloads/Telegram Desktop/S3_01_LIM_YU_MARCUS_WONG_NG_CHEE_ZACKERMAX_SEE_Improvements_Archive/thursday_FIVEpm/thursday_FIVEpm.srcs/sources_1/new/graphics/COE Generator/menu_2_rom.v:1]
WARNING: [Synth 8-6014] Unused sequential element x1_reg was removed.  [C:/Users/bucks/Downloads/Telegram Desktop/S3_01_LIM_YU_MARCUS_WONG_NG_CHEE_ZACKERMAX_SEE_Improvements_Archive/thursday_FIVEpm/thursday_FIVEpm.srcs/sources_1/new/graphics/menu_control.v:48]
WARNING: [Synth 8-6014] Unused sequential element x2_reg was removed.  [C:/Users/bucks/Downloads/Telegram Desktop/S3_01_LIM_YU_MARCUS_WONG_NG_CHEE_ZACKERMAX_SEE_Improvements_Archive/thursday_FIVEpm/thursday_FIVEpm.srcs/sources_1/new/graphics/menu_control.v:49]
WARNING: [Synth 8-6014] Unused sequential element x3_reg was removed.  [C:/Users/bucks/Downloads/Telegram Desktop/S3_01_LIM_YU_MARCUS_WONG_NG_CHEE_ZACKERMAX_SEE_Improvements_Archive/thursday_FIVEpm/thursday_FIVEpm.srcs/sources_1/new/graphics/menu_control.v:50]
WARNING: [Synth 8-6014] Unused sequential element x4_reg was removed.  [C:/Users/bucks/Downloads/Telegram Desktop/S3_01_LIM_YU_MARCUS_WONG_NG_CHEE_ZACKERMAX_SEE_Improvements_Archive/thursday_FIVEpm/thursday_FIVEpm.srcs/sources_1/new/graphics/menu_control.v:51]
WARNING: [Synth 8-6014] Unused sequential element y1_reg was removed.  [C:/Users/bucks/Downloads/Telegram Desktop/S3_01_LIM_YU_MARCUS_WONG_NG_CHEE_ZACKERMAX_SEE_Improvements_Archive/thursday_FIVEpm/thursday_FIVEpm.srcs/sources_1/new/graphics/menu_control.v:53]
WARNING: [Synth 8-6014] Unused sequential element y2_reg was removed.  [C:/Users/bucks/Downloads/Telegram Desktop/S3_01_LIM_YU_MARCUS_WONG_NG_CHEE_ZACKERMAX_SEE_Improvements_Archive/thursday_FIVEpm/thursday_FIVEpm.srcs/sources_1/new/graphics/menu_control.v:54]
WARNING: [Synth 8-6014] Unused sequential element y3_reg was removed.  [C:/Users/bucks/Downloads/Telegram Desktop/S3_01_LIM_YU_MARCUS_WONG_NG_CHEE_ZACKERMAX_SEE_Improvements_Archive/thursday_FIVEpm/thursday_FIVEpm.srcs/sources_1/new/graphics/menu_control.v:55]
WARNING: [Synth 8-6014] Unused sequential element y4_reg was removed.  [C:/Users/bucks/Downloads/Telegram Desktop/S3_01_LIM_YU_MARCUS_WONG_NG_CHEE_ZACKERMAX_SEE_Improvements_Archive/thursday_FIVEpm/thursday_FIVEpm.srcs/sources_1/new/graphics/menu_control.v:56]
INFO: [Synth 8-6155] done synthesizing module 'menu_control' (51#1) [C:/Users/bucks/Downloads/Telegram Desktop/S3_01_LIM_YU_MARCUS_WONG_NG_CHEE_ZACKERMAX_SEE_Improvements_Archive/thursday_FIVEpm/thursday_FIVEpm.srcs/sources_1/new/graphics/menu_control.v:23]
WARNING: [Synth 8-689] width (2) of port connection 'menu_state' does not match port width (1) of module 'menu_control' [C:/Users/bucks/Downloads/Telegram Desktop/S3_01_LIM_YU_MARCUS_WONG_NG_CHEE_ZACKERMAX_SEE_Improvements_Archive/thursday_FIVEpm/thursday_FIVEpm.srcs/sources_1/new/Top_Student.v:237]
INFO: [Synth 8-6157] synthesizing module 'endscreen_control' [C:/Users/bucks/Downloads/Telegram Desktop/S3_01_LIM_YU_MARCUS_WONG_NG_CHEE_ZACKERMAX_SEE_Improvements_Archive/thursday_FIVEpm/thursday_FIVEpm.srcs/sources_1/new/graphics/endscreen_control.v:23]
INFO: [Synth 8-6157] synthesizing module 'endscreen_1_rom' [C:/Users/bucks/Downloads/Telegram Desktop/S3_01_LIM_YU_MARCUS_WONG_NG_CHEE_ZACKERMAX_SEE_Improvements_Archive/thursday_FIVEpm/thursday_FIVEpm.srcs/sources_1/new/graphics/COE Generator/endscreen_1_rom.v:1]
INFO: [Synth 8-5534] Detected attribute (* rom_style = "block" *) [C:/Users/bucks/Downloads/Telegram Desktop/S3_01_LIM_YU_MARCUS_WONG_NG_CHEE_ZACKERMAX_SEE_Improvements_Archive/thursday_FIVEpm/thursday_FIVEpm.srcs/sources_1/new/graphics/COE Generator/endscreen_1_rom.v:10]
INFO: [Synth 8-6155] done synthesizing module 'endscreen_1_rom' (52#1) [C:/Users/bucks/Downloads/Telegram Desktop/S3_01_LIM_YU_MARCUS_WONG_NG_CHEE_ZACKERMAX_SEE_Improvements_Archive/thursday_FIVEpm/thursday_FIVEpm.srcs/sources_1/new/graphics/COE Generator/endscreen_1_rom.v:1]
INFO: [Synth 8-6157] synthesizing module 'endscreen_2_rom' [C:/Users/bucks/Downloads/Telegram Desktop/S3_01_LIM_YU_MARCUS_WONG_NG_CHEE_ZACKERMAX_SEE_Improvements_Archive/thursday_FIVEpm/thursday_FIVEpm.srcs/sources_1/new/graphics/COE Generator/endscreen_2_rom.v:1]
INFO: [Synth 8-5534] Detected attribute (* rom_style = "block" *) [C:/Users/bucks/Downloads/Telegram Desktop/S3_01_LIM_YU_MARCUS_WONG_NG_CHEE_ZACKERMAX_SEE_Improvements_Archive/thursday_FIVEpm/thursday_FIVEpm.srcs/sources_1/new/graphics/COE Generator/endscreen_2_rom.v:10]
INFO: [Synth 8-6155] done synthesizing module 'endscreen_2_rom' (53#1) [C:/Users/bucks/Downloads/Telegram Desktop/S3_01_LIM_YU_MARCUS_WONG_NG_CHEE_ZACKERMAX_SEE_Improvements_Archive/thursday_FIVEpm/thursday_FIVEpm.srcs/sources_1/new/graphics/COE Generator/endscreen_2_rom.v:1]
INFO: [Synth 8-6155] done synthesizing module 'endscreen_control' (54#1) [C:/Users/bucks/Downloads/Telegram Desktop/S3_01_LIM_YU_MARCUS_WONG_NG_CHEE_ZACKERMAX_SEE_Improvements_Archive/thursday_FIVEpm/thursday_FIVEpm.srcs/sources_1/new/graphics/endscreen_control.v:23]
INFO: [Synth 8-6157] synthesizing module 'scorescreen_1_rom' [C:/Users/bucks/Downloads/Telegram Desktop/S3_01_LIM_YU_MARCUS_WONG_NG_CHEE_ZACKERMAX_SEE_Improvements_Archive/thursday_FIVEpm/thursday_FIVEpm.srcs/sources_1/imports/COE Generator/scorescreen_1_rom.v:1]
INFO: [Synth 8-5534] Detected attribute (* rom_style = "block" *) [C:/Users/bucks/Downloads/Telegram Desktop/S3_01_LIM_YU_MARCUS_WONG_NG_CHEE_ZACKERMAX_SEE_Improvements_Archive/thursday_FIVEpm/thursday_FIVEpm.srcs/sources_1/imports/COE Generator/scorescreen_1_rom.v:12]
INFO: [Synth 8-6155] done synthesizing module 'scorescreen_1_rom' (55#1) [C:/Users/bucks/Downloads/Telegram Desktop/S3_01_LIM_YU_MARCUS_WONG_NG_CHEE_ZACKERMAX_SEE_Improvements_Archive/thursday_FIVEpm/thursday_FIVEpm.srcs/sources_1/imports/COE Generator/scorescreen_1_rom.v:1]
INFO: [Synth 8-6157] synthesizing module 'scorescreen_2_rom' [C:/Users/bucks/Downloads/Telegram Desktop/S3_01_LIM_YU_MARCUS_WONG_NG_CHEE_ZACKERMAX_SEE_Improvements_Archive/thursday_FIVEpm/thursday_FIVEpm.srcs/sources_1/imports/COE Generator/scorescreen_2_rom.v:1]
INFO: [Synth 8-5534] Detected attribute (* rom_style = "block" *) [C:/Users/bucks/Downloads/Telegram Desktop/S3_01_LIM_YU_MARCUS_WONG_NG_CHEE_ZACKERMAX_SEE_Improvements_Archive/thursday_FIVEpm/thursday_FIVEpm.srcs/sources_1/imports/COE Generator/scorescreen_2_rom.v:12]
INFO: [Synth 8-6155] done synthesizing module 'scorescreen_2_rom' (56#1) [C:/Users/bucks/Downloads/Telegram Desktop/S3_01_LIM_YU_MARCUS_WONG_NG_CHEE_ZACKERMAX_SEE_Improvements_Archive/thursday_FIVEpm/thursday_FIVEpm.srcs/sources_1/imports/COE Generator/scorescreen_2_rom.v:1]
INFO: [Synth 8-6155] done synthesizing module 'Top_Student' (57#1) [C:/Users/bucks/Downloads/Telegram Desktop/S3_01_LIM_YU_MARCUS_WONG_NG_CHEE_ZACKERMAX_SEE_Improvements_Archive/thursday_FIVEpm/thursday_FIVEpm.srcs/sources_1/new/Top_Student.v:14]
WARNING: [Synth 8-3331] design rgb_selector has unconnected port pixel_index[12]
WARNING: [Synth 8-3331] design rgb_selector has unconnected port pixel_index[11]
WARNING: [Synth 8-3331] design rgb_selector has unconnected port pixel_index[10]
WARNING: [Synth 8-3331] design rgb_selector has unconnected port pixel_index[9]
WARNING: [Synth 8-3331] design rgb_selector has unconnected port pixel_index[8]
WARNING: [Synth 8-3331] design rgb_selector has unconnected port pixel_index[7]
WARNING: [Synth 8-3331] design rgb_selector has unconnected port pixel_index[6]
WARNING: [Synth 8-3331] design rgb_selector has unconnected port pixel_index[5]
WARNING: [Synth 8-3331] design rgb_selector has unconnected port pixel_index[4]
WARNING: [Synth 8-3331] design rgb_selector has unconnected port pixel_index[3]
WARNING: [Synth 8-3331] design rgb_selector has unconnected port pixel_index[2]
WARNING: [Synth 8-3331] design rgb_selector has unconnected port pixel_index[1]
WARNING: [Synth 8-3331] design rgb_selector has unconnected port pixel_index[0]
WARNING: [Synth 8-3331] design background_rom has unconnected port pixel_index[12]
WARNING: [Synth 8-3331] design background_rom has unconnected port pixel_index[11]
WARNING: [Synth 8-3331] design background_rom has unconnected port pixel_index[10]
WARNING: [Synth 8-3331] design background_rom has unconnected port pixel_index[9]
WARNING: [Synth 8-3331] design background_rom has unconnected port pixel_index[8]
WARNING: [Synth 8-3331] design background_rom has unconnected port pixel_index[7]
WARNING: [Synth 8-3331] design background_rom has unconnected port pixel_index[6]
WARNING: [Synth 8-3331] design background_rom has unconnected port pixel_index[5]
WARNING: [Synth 8-3331] design background_rom has unconnected port pixel_index[4]
WARNING: [Synth 8-3331] design background_rom has unconnected port pixel_index[3]
WARNING: [Synth 8-3331] design background_rom has unconnected port pixel_index[2]
WARNING: [Synth 8-3331] design background_rom has unconnected port pixel_index[1]
WARNING: [Synth 8-3331] design background_rom has unconnected port pixel_index[0]
WARNING: [Synth 8-3331] design goalpost_rom has unconnected port pixel_index[12]
WARNING: [Synth 8-3331] design goalpost_rom has unconnected port pixel_index[11]
WARNING: [Synth 8-3331] design goalpost_rom has unconnected port pixel_index[10]
WARNING: [Synth 8-3331] design goalpost_rom has unconnected port pixel_index[9]
WARNING: [Synth 8-3331] design goalpost_rom has unconnected port pixel_index[8]
WARNING: [Synth 8-3331] design goalpost_rom has unconnected port pixel_index[7]
WARNING: [Synth 8-3331] design goalpost_rom has unconnected port pixel_index[6]
WARNING: [Synth 8-3331] design goalpost_rom has unconnected port pixel_index[5]
WARNING: [Synth 8-3331] design goalpost_rom has unconnected port pixel_index[4]
WARNING: [Synth 8-3331] design goalpost_rom has unconnected port pixel_index[3]
WARNING: [Synth 8-3331] design goalpost_rom has unconnected port pixel_index[2]
WARNING: [Synth 8-3331] design goalpost_rom has unconnected port pixel_index[1]
WARNING: [Synth 8-3331] design goalpost_rom has unconnected port pixel_index[0]
WARNING: [Synth 8-3331] design ball_4_rom has unconnected port pixel_index[12]
WARNING: [Synth 8-3331] design ball_4_rom has unconnected port pixel_index[11]
WARNING: [Synth 8-3331] design ball_4_rom has unconnected port pixel_index[10]
WARNING: [Synth 8-3331] design ball_4_rom has unconnected port pixel_index[9]
WARNING: [Synth 8-3331] design ball_4_rom has unconnected port pixel_index[8]
WARNING: [Synth 8-3331] design ball_4_rom has unconnected port pixel_index[7]
WARNING: [Synth 8-3331] design ball_4_rom has unconnected port pixel_index[6]
WARNING: [Synth 8-3331] design ball_4_rom has unconnected port pixel_index[5]
WARNING: [Synth 8-3331] design ball_4_rom has unconnected port pixel_index[4]
WARNING: [Synth 8-3331] design ball_4_rom has unconnected port pixel_index[3]
WARNING: [Synth 8-3331] design ball_4_rom has unconnected port pixel_index[2]
WARNING: [Synth 8-3331] design ball_4_rom has unconnected port pixel_index[1]
WARNING: [Synth 8-3331] design ball_4_rom has unconnected port pixel_index[0]
WARNING: [Synth 8-3331] design ball_3_rom has unconnected port pixel_index[12]
WARNING: [Synth 8-3331] design ball_3_rom has unconnected port pixel_index[11]
WARNING: [Synth 8-3331] design ball_3_rom has unconnected port pixel_index[10]
WARNING: [Synth 8-3331] design ball_3_rom has unconnected port pixel_index[9]
WARNING: [Synth 8-3331] design ball_3_rom has unconnected port pixel_index[8]
WARNING: [Synth 8-3331] design ball_3_rom has unconnected port pixel_index[7]
WARNING: [Synth 8-3331] design ball_3_rom has unconnected port pixel_index[6]
WARNING: [Synth 8-3331] design ball_3_rom has unconnected port pixel_index[5]
WARNING: [Synth 8-3331] design ball_3_rom has unconnected port pixel_index[4]
WARNING: [Synth 8-3331] design ball_3_rom has unconnected port pixel_index[3]
WARNING: [Synth 8-3331] design ball_3_rom has unconnected port pixel_index[2]
WARNING: [Synth 8-3331] design ball_3_rom has unconnected port pixel_index[1]
WARNING: [Synth 8-3331] design ball_3_rom has unconnected port pixel_index[0]
WARNING: [Synth 8-3331] design ball_2_rom has unconnected port pixel_index[12]
WARNING: [Synth 8-3331] design ball_2_rom has unconnected port pixel_index[11]
WARNING: [Synth 8-3331] design ball_2_rom has unconnected port pixel_index[10]
WARNING: [Synth 8-3331] design ball_2_rom has unconnected port pixel_index[9]
WARNING: [Synth 8-3331] design ball_2_rom has unconnected port pixel_index[8]
WARNING: [Synth 8-3331] design ball_2_rom has unconnected port pixel_index[7]
WARNING: [Synth 8-3331] design ball_2_rom has unconnected port pixel_index[6]
WARNING: [Synth 8-3331] design ball_2_rom has unconnected port pixel_index[5]
WARNING: [Synth 8-3331] design ball_2_rom has unconnected port pixel_index[4]
WARNING: [Synth 8-3331] design ball_2_rom has unconnected port pixel_index[3]
WARNING: [Synth 8-3331] design ball_2_rom has unconnected port pixel_index[2]
WARNING: [Synth 8-3331] design ball_2_rom has unconnected port pixel_index[1]
WARNING: [Synth 8-3331] design ball_2_rom has unconnected port pixel_index[0]
WARNING: [Synth 8-3331] design ball_1_rom has unconnected port pixel_index[12]
WARNING: [Synth 8-3331] design ball_1_rom has unconnected port pixel_index[11]
WARNING: [Synth 8-3331] design ball_1_rom has unconnected port pixel_index[10]
WARNING: [Synth 8-3331] design ball_1_rom has unconnected port pixel_index[9]
WARNING: [Synth 8-3331] design ball_1_rom has unconnected port pixel_index[8]
WARNING: [Synth 8-3331] design ball_1_rom has unconnected port pixel_index[7]
WARNING: [Synth 8-3331] design ball_1_rom has unconnected port pixel_index[6]
WARNING: [Synth 8-3331] design ball_1_rom has unconnected port pixel_index[5]
WARNING: [Synth 8-3331] design ball_1_rom has unconnected port pixel_index[4]
WARNING: [Synth 8-3331] design ball_1_rom has unconnected port pixel_index[3]
WARNING: [Synth 8-3331] design ball_1_rom has unconnected port pixel_index[2]
WARNING: [Synth 8-3331] design ball_1_rom has unconnected port pixel_index[1]
WARNING: [Synth 8-3331] design ball_1_rom has unconnected port pixel_index[0]
WARNING: [Synth 8-3331] design player2_run3_rom has unconnected port pixel_index[12]
WARNING: [Synth 8-3331] design player2_run3_rom has unconnected port pixel_index[11]
WARNING: [Synth 8-3331] design player2_run3_rom has unconnected port pixel_index[10]
WARNING: [Synth 8-3331] design player2_run3_rom has unconnected port pixel_index[9]
WARNING: [Synth 8-3331] design player2_run3_rom has unconnected port pixel_index[8]
WARNING: [Synth 8-3331] design player2_run3_rom has unconnected port pixel_index[7]
WARNING: [Synth 8-3331] design player2_run3_rom has unconnected port pixel_index[6]
WARNING: [Synth 8-3331] design player2_run3_rom has unconnected port pixel_index[5]
WARNING: [Synth 8-3331] design player2_run3_rom has unconnected port pixel_index[4]
INFO: [Common 17-14] Message 'Synth 8-3331' appears 100 times and further instances of the messages will be disabled. Use the Tcl command set_msg_config to change the current settings.
---------------------------------------------------------------------------------
Finished RTL Elaboration : Time (s): cpu = 00:00:05 ; elapsed = 00:00:09 . Memory (MB): peak = 1061.566 ; gain = 230.816
---------------------------------------------------------------------------------

Report Check Netlist: 
+------+------------------+-------+---------+-------+------------------+
|      |Item              |Errors |Warnings |Status |Description       |
+------+------------------+-------+---------+-------+------------------+
|1     |multi_driven_nets |      0|        0|Passed |Multi driven nets |
+------+------------------+-------+---------+-------+------------------+
---------------------------------------------------------------------------------
Start Handling Custom Attributes
---------------------------------------------------------------------------------
---------------------------------------------------------------------------------
Finished Handling Custom Attributes : Time (s): cpu = 00:00:05 ; elapsed = 00:00:10 . Memory (MB): peak = 1061.566 ; gain = 230.816
---------------------------------------------------------------------------------
---------------------------------------------------------------------------------
Finished RTL Optimization Phase 1 : Time (s): cpu = 00:00:05 ; elapsed = 00:00:10 . Memory (MB): peak = 1061.566 ; gain = 230.816
---------------------------------------------------------------------------------
INFO: [Device 21-403] Loading part xc7a35tcpg236-1
INFO: [Project 1-570] Preparing netlist for logic optimization

Processing XDC Constraints
Initializing timing engine
Parsing XDC File [C:/Users/bucks/Downloads/Telegram Desktop/S3_01_LIM_YU_MARCUS_WONG_NG_CHEE_ZACKERMAX_SEE_Improvements_Archive/thursday_FIVEpm/thursday_FIVEpm.srcs/constrs_1/new/project_constraints.xdc]
Finished Parsing XDC File [C:/Users/bucks/Downloads/Telegram Desktop/S3_01_LIM_YU_MARCUS_WONG_NG_CHEE_ZACKERMAX_SEE_Improvements_Archive/thursday_FIVEpm/thursday_FIVEpm.srcs/constrs_1/new/project_constraints.xdc]
Completed Processing XDC Constraints

INFO: [Opt 31-138] Pushed 0 inverter(s) to 0 load pin(s).
INFO: [Project 1-111] Unisim Transformation Summary:
No Unisim elements were transformed.

RTL Elaboration Complete:  : Time (s): cpu = 00:00:24 ; elapsed = 00:00:41 . Memory (MB): peak = 1436.789 ; gain = 606.039
131 Infos, 207 Warnings, 0 Critical Warnings and 0 Errors encountered.
synth_design completed successfully
synth_design: Time (s): cpu = 00:00:24 ; elapsed = 00:00:41 . Memory (MB): peak = 1436.789 ; gain = 606.039
exit
INFO: [Common 17-206] Exiting Vivado at Thu Oct 10 16:14:28 2024...
